<?xml version="1.0" encoding="utf-8"?><testsuites><testsuite name="pytest" errors="0" failures="2" skipped="29" tests="633" time="1842.753" timestamp="2023-09-14T19:32:21.198849" hostname="titan"><properties>
[...]
</properties><testcase classname="tests.test_base_bootstrap_configs.TestBaseTimeSeriesBootstrapConfig.TestPassingCases" name="test_base_time_series_bootstrap_config" time="0.160" /><testcase classname="tests.test_base_bootstrap_configs.TestBaseTimeSeriesBootstrapConfig.TestPassingCases" name="test_no_rng_provided" time="0.092" /><testcase classname="tests.test_base_bootstrap_configs.TestBaseTimeSeriesBootstrapConfig.TestFailingCases" name="test_invalid_n_bootstraps_type" time="0.382" /><testcase classname="tests.test_base_bootstrap_configs.TestBaseTimeSeriesBootstrapConfig.TestFailingCases" name="test_invalid_n_bootstraps_value" time="0.084" /><testcase classname="tests.test_base_bootstrap_configs.TestBaseTimeSeriesBootstrapConfig.TestFailingCases" name="test_invalid_rng_type" time="0.379" /><testcase classname="tests.test_base_bootstrap_configs.TestBaseResidualBootstrapConfig.TestPassingCases" name="test_base_residual_bootstrap_config" time="0.932" /><testcase classname="tests.test_base_bootstrap_configs.TestBaseResidualBootstrapConfig.TestFailingCases" name="test_invalid_model_type" time="0.241" /><testcase classname="tests.test_base_bootstrap_configs.TestBaseResidualBootstrapConfig.TestFailingCases" name="test_invalid_order_type" time="0.567" /><testcase classname="tests.test_base_bootstrap_configs.TestBaseResidualBootstrapConfig.TestFailingCases" name="test_invalid_order_value" time="0.097" /><testcase classname="tests.test_base_bootstrap_configs.TestBaseResidualBootstrapConfig.TestFailingCases" name="test_invalid_save_models_type" time="0.435" /><testcase classname="tests.test_base_bootstrap_configs.TestBaseMarkovBootstrapConfig.TestPassingCases" name="test_base_markov_bootstrap_config" time="1.473" /><testcase classname="tests.test_base_bootstrap_configs.TestBaseMarkovBootstrapConfig.TestFailingCases" name="test_invalid_method" time="0.247" /><testcase classname="tests.test_base_bootstrap_configs.TestBaseMarkovBootstrapConfig.TestFailingCases" name="test_invalid_apply_pca_flag_type" time="0.324" /><testcase classname="tests.test_base_bootstrap_configs.TestBaseMarkovBootstrapConfig.TestFailingCases" name="test_invalid_pca_type" time="0.302" /><testcase classname="tests.test_base_bootstrap_configs.TestBaseMarkovBootstrapConfig.TestFailingCases" name="test_invalid_n_iter_hmm_value" time="0.128" /><testcase classname="tests.test_base_bootstrap_configs.TestBaseMarkovBootstrapConfig.TestFailingCases" name="test_invalid_n_fits_hmm_value" time="0.094" /><testcase classname="tests.test_base_bootstrap_configs.TestBaseMarkovBootstrapConfig.TestFailingCases" name="test_invalid_blocks_as_hidden_states_flag_type" time="0.320" /><testcase classname="tests.test_base_bootstrap_configs.TestBaseMarkovBootstrapConfig.TestFailingCases" name="test_invalid_n_states_value" time="0.136" /><testcase classname="tests.test_base_bootstrap_configs.TestBaseStatisticPreservingBootstrapConfig.TestPassingCases" name="test_base_statistic_preserving_bootstrap_config" time="0.230" /><testcase classname="tests.test_base_bootstrap_configs.TestBaseStatisticPreservingBootstrapConfig.TestFailingCases" name="test_invalid_statistic_type" time="0.290" /><testcase classname="tests.test_base_bootstrap_configs.TestBaseStatisticPreservingBootstrapConfig.TestFailingCases" name="test_invalid_statistic_axis_type" time="0.383" /><testcase classname="tests.test_base_bootstrap_configs.TestBaseStatisticPreservingBootstrapConfig.TestFailingCases" name="test_invalid_statistic_axis_value" time="0.091" /><testcase classname="tests.test_base_bootstrap_configs.TestBaseStatisticPreservingBootstrapConfig.TestFailingCases" name="test_invalid_statistic_keepdims_type" time="0.342" /><testcase classname="tests.test_base_bootstrap_configs.TestBaseDistributionBootstrapConfig.TestPassingCases" name="test_base_distribution_bootstrap_config" time="0.896" /><testcase classname="tests.test_base_bootstrap_configs.TestBaseDistributionBootstrapConfig.TestFailingCases" name="test_invalid_distribution" time="0.243" /><testcase classname="tests.test_base_bootstrap_configs.TestBaseDistributionBootstrapConfig.TestFailingCases" name="test_invalid_refit_type" time="0.463" /><testcase classname="tests.test_base_bootstrap_configs.TestBaseSieveBootstrapConfig.TestPassingCases" name="test_base_sieve_bootstrap_config" time="1.863" /><testcase classname="tests.test_base_bootstrap_configs.TestBaseSieveBootstrapConfig.TestFailingCases" name="test_invalid_resids_model_type" time="0.438" /><testcase classname="tests.test_base_bootstrap_configs.TestBaseSieveBootstrapConfig.TestFailingCases" name="test_invalid_resids_order_type" time="0.723" /><testcase classname="tests.test_base_bootstrap_configs.TestBaseSieveBootstrapConfig.TestFailingCases" name="test_invalid_resids_order_value" time="0.132" /><testcase classname="tests.test_base_bootstrap_configs.TestBaseSieveBootstrapConfig.TestFailingCases" name="test_invalid_save_resids_models_type" time="0.386" /><testcase classname="tests.test_block_bootstrap.TestBlockBootstrap.TestPassingCases" name="test_block_bootstrap" time="0.045" /><testcase classname="tests.test_block_bootstrap.TestBlockBootstrap.TestPassingCases" name="test__generate_samples_single_bootstrap" time="0.062" /><testcase classname="tests.test_block_bootstrap.TestBlockBootstrap.TestFailingCases" name="test_invalid_block_length" time="0.014" /><testcase classname="tests.test_block_bootstrap.TestBlockBootstrap.TestFailingCases" name="test_block_length_greater_than_input_size" time="0.024" /><testcase classname="tests.test_block_bootstrap.TestBaseBlockBootstrap.TestPassingCases" name="test_base_block_bootstrap" time="0.049" /><testcase classname="tests.test_block_bootstrap.TestBaseBlockBootstrap.TestFailingCases" name="test_invalid_bootstrap_type" time="0.021" /><testcase classname="tests.test_block_bootstrap.TestBaseBlockBootstrap.TestFailingCases" name="test_not_implemented__generate_samples_single_bootstrap" time="0.030" /><testcase classname="tests.test_block_bootstrap.TestMovingBlockBootstrap.TestPassingCases" name="test_moving_block_bootstrap" time="0.014" /><testcase classname="tests.test_block_bootstrap.TestStationaryBlockBootstrap.TestPassingCases" name="test_stationary_block_bootstrap" time="0.013" /><testcase classname="tests.test_block_bootstrap.TestCircularBlockBootstrap.TestPassingCases" name="test_circular_block_bootstrap" time="0.014" /><testcase classname="tests.test_block_bootstrap.TestNonOverlappingBlockBootstrap.TestPassingCases" name="test_non_overlapping_block_bootstrap" time="0.015" /><testcase classname="tests.test_block_bootstrap.TestBartlettsBootstrap.TestPassingCases" name="test_bartletts_bootstrap" time="0.015" /><testcase classname="tests.test_block_bootstrap.TestHammingBootstrap.TestPassingCases" name="test_hamming_bootstrap" time="0.015" /><testcase classname="tests.test_block_bootstrap.TestHanningBootstrap.TestPassingCases" name="test_hanning_bootstrap" time="0.016" /><testcase classname="tests.test_block_bootstrap.TestBlackmanBootstrap.TestPassingCases" name="test_blackman_bootstrap" time="0.016" /><testcase classname="tests.test_block_bootstrap.TestTukeyBootstrap.TestPassingCases" name="test_tukey_bootstrap" time="0.015" /><testcase classname="tests.test_block_bootstrap_configs.TestBlockBootstrapConfig.TestPassingCases" name="test_block_bootstrap_config" time="0.317" /><testcase classname="tests.test_block_bootstrap_configs.TestBlockBootstrapConfig.TestFailingCases" name="test_invalid_block_length_type" time="0.461" /><testcase classname="tests.test_block_bootstrap_configs.TestBlockBootstrapConfig.TestFailingCases" name="test_invalid_block_length_value" time="0.123" /><testcase classname="tests.test_block_bootstrap_configs.TestBlockBootstrapConfig.TestFailingCases" name="test_invalid_overlap_length_type" time="0.567" /><testcase classname="tests.test_block_bootstrap_configs.TestBlockBootstrapConfig.TestFailingCases" name="test_invalid_overlap_length_value" time="0.132" /><testcase classname="tests.test_block_bootstrap_configs.TestBlockBootstrapConfig.TestFailingCases" name="test_invalid_min_block_length_type" time="0.508" /><testcase classname="tests.test_block_bootstrap_configs.TestBlockBootstrapConfig.TestFailingCases" name="test_invalid_min_block_length_value" time="0.260" /><testcase classname="tests.test_block_bootstrap_configs.TestBlockBootstrapConfig.TestFailingCases" name="test_invalid_n_bootstraps_type" time="0.482" /><testcase classname="tests.test_block_bootstrap_configs.TestBlockBootstrapConfig.TestFailingCases" name="test_invalid_n_bootstraps_value" time="0.117" /><testcase classname="tests.test_block_bootstrap_configs.TestBlockBootstrapConfig.TestFailingCases" name="test_invalid_rng_type" time="0.502" /><testcase classname="tests.test_block_bootstrap_configs.TestBaseBlockBootstrapConfig.TestPassingCases" name="test_base_block_bootstrap_config" time="0.451" /><testcase classname="tests.test_block_bootstrap_configs.TestBaseBlockBootstrapConfig.TestFailingCases" name="test_invalid_bootstrap_type" time="0.419" /><testcase classname="tests.test_block_bootstrap_configs.TestMovingBlockBootstrapConfig.TestPassingCases" name="test_moving_block_bootstrap_config" time="0.262" /><testcase classname="tests.test_block_bootstrap_configs.TestCircularBlockBootstrapConfig.TestPassingCases" name="test_circular_block_bootstrap_config" time="0.198" /><testcase classname="tests.test_block_bootstrap_configs.TestStationaryBlockBootstrapConfig.TestPassingCases" name="test_stationary_block_bootstrap_config" time="0.189" /><testcase classname="tests.test_block_bootstrap_configs.TestNonOverlappingBlockBootstrapConfig.TestPassingCases" name="test_non_overlapping_block_bootstrap_config" time="0.241" /><testcase classname="tests.test_block_bootstrap_configs.TestBartlettsBootstrapConfig.TestPassingCases" name="test_bartletts_bootstrap_config" time="0.258" /><testcase classname="tests.test_block_bootstrap_configs.TestHammingBootstrapConfig.TestPassingCases" name="test_hamming_bootstrap_config" time="0.268" /><testcase classname="tests.test_block_bootstrap_configs.TestHanningBootstrapConfig.TestPassingCases" name="test_hanning_bootstrap_config" time="0.275" /><testcase classname="tests.test_block_bootstrap_configs.TestBlackmanBootstrapConfig.TestPassingCases" name="test_blackman_bootstrap_config" time="0.390" /><testcase classname="tests.test_block_bootstrap_configs.TestTukeyBootstrapConfig.TestPassingCases" name="test_tukey_bootstrap_config" time="0.206" /><testcase classname="tests.test_block_generator.TestInit.TestPassingCases" name="test_init_with_valid_args" time="0.293" /><testcase classname="tests.test_block_generator.TestInit.TestFailingCases" name="test_init_with_invalid_input_length" time="0.189" /><testcase classname="tests.test_block_generator.TestInit.TestFailingCases" name="test_init_with_invalid_overlap_length" time="0.252" /><testcase classname="tests.test_block_generator.TestInit.TestFailingCases" name="test_init_with_invalid_min_block_length" time="0.316" /><testcase classname="tests.test_block_generator.TestInit.TestFailingCases" name="test_generate_non_overlapping_blocks_large_block_length" time="0.103" /><testcase classname="tests.test_block_generator.TestInit.TestFailingCases" name="test_generate_non_overlapping_blocks_invalid_input_length" time="0.005" /><testcase classname="tests.test_block_generator.TestGenerateNonOverlappingBlocks.TestPassingCases" name="test_generate_non_overlapping_blocks[10-False-3-expected_output0]" time="0.001" /><testcase classname="tests.test_block_generator.TestGenerateNonOverlappingBlocks.TestPassingCases" name="test_generate_non_overlapping_blocks[5-False-2-expected_output1]" time="0.001" /><testcase classname="tests.test_block_generator.TestGenerateNonOverlappingBlocks.TestPassingCases" name="test_generate_non_overlapping_blocks[10-True-3-expected_output2]" time="0.001" /><testcase classname="tests.test_block_generator.TestGenerateNonOverlappingBlocks.TestPassingCases" name="test_generate_non_overlapping_blocks[5-True-2-expected_output3]" time="0.002" /><testcase classname="tests.test_block_generator.TestGenerateNonOverlappingBlocks.TestPassingCases" name="test_generate_non_overlapping_blocks[10-False-10-expected_output4]" time="0.001" /><testcase classname="tests.test_block_generator.TestGenerateNonOverlappingBlocks.TestPassingCases" name="test_generate_non_overlapping_blocks[5-False-5-expected_output5]" time="0.002" /><testcase classname="tests.test_block_generator.TestGenerateOverlappingBlocks.TestPassingCases" name="test_generate_non_overlapping_blocks[10-False-2-1-2-expected_output0]" time="0.002" /><testcase classname="tests.test_block_generator.TestGenerateOverlappingBlocks.TestPassingCases" name="test_generate_non_overlapping_blocks[10-False-5-1-2-expected_output1]" time="0.001" /><testcase classname="tests.test_block_generator.TestGenerateOverlappingBlocks.TestPassingCases" name="test_generate_non_overlapping_blocks[10-False-10-1-2-expected_output2]" time="0.001" /><testcase classname="tests.test_block_generator.TestGenerateOverlappingBlocks.TestPassingCases" name="test_generate_non_overlapping_blocks[10-False-2-5-2-expected_output3]" time="0.002" /><testcase classname="tests.test_block_generator.TestGenerateOverlappingBlocks.TestPassingCases" name="test_generate_non_overlapping_blocks[10-False-5-5-2-expected_output4]" time="0.002" /><testcase classname="tests.test_block_generator.TestGenerateOverlappingBlocks.TestPassingCases" name="test_generate_non_overlapping_blocks[10-False-10-5-2-expected_output5]" time="0.002" /><testcase classname="tests.test_block_generator.TestGenerateOverlappingBlocks.TestPassingCases" name="test_generate_non_overlapping_blocks[10-False-2-10-2-expected_output6]" time="0.002" /><testcase classname="tests.test_block_generator.TestGenerateOverlappingBlocks.TestPassingCases" name="test_generate_non_overlapping_blocks[10-False-5-10-2-expected_output7]" time="0.002" /><testcase classname="tests.test_block_generator.TestGenerateOverlappingBlocks.TestPassingCases" name="test_generate_non_overlapping_blocks[10-False-10-10-2-expected_output8]" time="0.002" /><testcase classname="tests.test_block_generator.TestGenerateOverlappingBlocks.TestPassingCases" name="test_generate_non_overlapping_blocks[10-False-2-11-2-expected_output9]" time="0.002" /><testcase classname="tests.test_block_generator.TestGenerateOverlappingBlocks.TestPassingCases" name="test_generate_non_overlapping_blocks[10-False-5-11-2-expected_output10]" time="0.002" /><testcase classname="tests.test_block_generator.TestGenerateOverlappingBlocks.TestPassingCases" name="test_generate_non_overlapping_blocks[10-False-2-1-5-expected_output11]" time="0.002" /><testcase classname="tests.test_block_generator.TestGenerateOverlappingBlocks.TestPassingCases" name="test_generate_non_overlapping_blocks[10-False-5-1-5-expected_output12]" time="0.001" /><testcase classname="tests.test_block_generator.TestGenerateOverlappingBlocks.TestPassingCases" name="test_generate_non_overlapping_blocks[10-False-10-1-5-expected_output13]" time="0.001" /><testcase classname="tests.test_block_generator.TestGenerateOverlappingBlocks.TestPassingCases" name="test_generate_non_overlapping_blocks[10-False-2-5-5-expected_output14]" time="0.002" /><testcase classname="tests.test_block_generator.TestGenerateOverlappingBlocks.TestPassingCases" name="test_generate_non_overlapping_blocks[10-False-5-5-5-expected_output15]" time="0.001" /><testcase classname="tests.test_block_generator.TestGenerateOverlappingBlocks.TestPassingCases" name="test_generate_non_overlapping_blocks[10-False-10-5-5-expected_output16]" time="0.002" /><testcase classname="tests.test_block_generator.TestGenerateOverlappingBlocks.TestPassingCases" name="test_generate_non_overlapping_blocks[10-False-2-10-5-expected_output17]" time="0.002" /><testcase classname="tests.test_block_generator.TestGenerateOverlappingBlocks.TestPassingCases" name="test_generate_non_overlapping_blocks[10-False-5-10-5-expected_output18]" time="0.002" /><testcase classname="tests.test_block_generator.TestGenerateOverlappingBlocks.TestPassingCases" name="test_generate_non_overlapping_blocks[10-False-10-10-5-expected_output19]" time="0.002" /><testcase classname="tests.test_block_generator.TestGenerateOverlappingBlocks.TestPassingCases" name="test_generate_non_overlapping_blocks[10-False-2-11-5-expected_output20]" time="0.002" /><testcase classname="tests.test_block_generator.TestGenerateOverlappingBlocks.TestPassingCases" name="test_generate_non_overlapping_blocks[10-False-5-11-5-expected_output21]" time="0.001" /><testcase classname="tests.test_block_generator.TestGenerateOverlappingBlocks.TestPassingCases" name="test_generate_non_overlapping_blocks[10-False-10-11-5-expected_output22]" time="0.001" /><testcase classname="tests.test_block_generator.TestGenerateOverlappingBlocks.TestPassingCases" name="test_generate_non_overlapping_blocks[10-False-2-1-10-expected_output23]" time="0.002" /><testcase classname="tests.test_block_generator.TestGenerateOverlappingBlocks.TestPassingCases" name="test_generate_non_overlapping_blocks[10-False-5-1-10-expected_output24]" time="0.001" /><testcase classname="tests.test_block_generator.TestGenerateOverlappingBlocks.TestPassingCases" name="test_generate_non_overlapping_blocks[10-False-10-1-10-expected_output25]" time="0.001" /><testcase classname="tests.test_block_generator.TestGenerateOverlappingBlocks.TestPassingCases" name="test_generate_non_overlapping_blocks[10-False-2-5-10-expected_output26]" time="0.002" /><testcase classname="tests.test_block_generator.TestGenerateOverlappingBlocks.TestPassingCases" name="test_generate_non_overlapping_blocks[10-False-5-5-10-expected_output27]" time="0.002" /><testcase classname="tests.test_block_generator.TestGenerateOverlappingBlocks.TestPassingCases" name="test_generate_non_overlapping_blocks[10-False-10-5-10-expected_output28]" time="0.001" /><testcase classname="tests.test_block_generator.TestGenerateOverlappingBlocks.TestPassingCases" name="test_generate_non_overlapping_blocks[10-False-2-10-10-expected_output29]" time="0.002" /><testcase classname="tests.test_block_generator.TestGenerateOverlappingBlocks.TestPassingCases" name="test_generate_non_overlapping_blocks[10-False-5-10-10-expected_output30]" time="0.002" /><testcase classname="tests.test_block_generator.TestGenerateOverlappingBlocks.TestPassingCases" name="test_generate_non_overlapping_blocks[10-False-10-10-10-expected_output31]" time="0.001" /><testcase classname="tests.test_block_generator.TestGenerateOverlappingBlocks.TestPassingCases" name="test_generate_non_overlapping_blocks[10-False-2-11-10-expected_output32]" time="0.002" /><testcase classname="tests.test_block_generator.TestGenerateOverlappingBlocks.TestPassingCases" name="test_generate_non_overlapping_blocks[10-False-5-11-10-expected_output33]" time="0.001" /><testcase classname="tests.test_block_generator.TestGenerateOverlappingBlocks.TestPassingCases" name="test_generate_non_overlapping_blocks[10-False-10-11-10-expected_output34]" time="0.001" /><testcase classname="tests.test_block_generator.TestGenerateOverlappingBlocks.TestPassingCases" name="test_generate_non_overlapping_blocks[10-False-2-1-11-expected_output35]" time="0.002" /><testcase classname="tests.test_block_generator.TestGenerateOverlappingBlocks.TestPassingCases" name="test_generate_non_overlapping_blocks[10-False-5-1-11-expected_output36]" time="0.001" /><testcase classname="tests.test_block_generator.TestGenerateOverlappingBlocks.TestPassingCases" name="test_generate_non_overlapping_blocks[10-False-10-1-11-expected_output37]" time="0.001" /><testcase classname="tests.test_block_generator.TestGenerateOverlappingBlocks.TestPassingCases" name="test_generate_non_overlapping_blocks[10-False-2-5-11-expected_output38]" time="0.002" /><testcase classname="tests.test_block_generator.TestGenerateOverlappingBlocks.TestPassingCases" name="test_generate_non_overlapping_blocks[10-False-5-5-11-expected_output39]" time="0.001" /><testcase classname="tests.test_block_generator.TestGenerateOverlappingBlocks.TestPassingCases" name="test_generate_non_overlapping_blocks[10-False-10-5-11-expected_output40]" time="0.001" /><testcase classname="tests.test_block_generator.TestGenerateOverlappingBlocks.TestPassingCases" name="test_generate_non_overlapping_blocks[10-False-2-10-11-expected_output41]" time="0.002" /><testcase classname="tests.test_block_generator.TestGenerateOverlappingBlocks.TestPassingCases" name="test_generate_non_overlapping_blocks[10-False-5-10-11-expected_output42]" time="0.002" /><testcase classname="tests.test_block_generator.TestGenerateOverlappingBlocks.TestPassingCases" name="test_generate_non_overlapping_blocks[10-False-10-10-11-expected_output43]" time="0.002" /><testcase classname="tests.test_block_generator.TestGenerateOverlappingBlocks.TestPassingCases" name="test_generate_non_overlapping_blocks[10-False-2-11-11-expected_output44]" time="0.002" /><testcase classname="tests.test_block_generator.TestGenerateOverlappingBlocks.TestPassingCases" name="test_generate_non_overlapping_blocks[10-False-5-11-11-expected_output45]" time="0.002" /><testcase classname="tests.test_block_generator.TestGenerateOverlappingBlocks.TestPassingCases" name="test_generate_non_overlapping_blocks[10-False-10-11-11-expected_output46]" time="0.001" /><testcase classname="tests.test_block_length_sampler.TestPassingCases" name="test_block_length_sampler_initialization[none-2]" time="0.001" /><testcase classname="tests.test_block_length_sampler.TestPassingCases" name="test_block_length_sampler_initialization[none-10]" time="0.001" /><testcase classname="tests.test_block_length_sampler.TestPassingCases" name="test_block_length_sampler_initialization[none-100]" time="0.001" /><testcase classname="tests.test_block_length_sampler.TestPassingCases" name="test_block_length_sampler_initialization[poisson-2]" time="0.001" /><testcase classname="tests.test_block_length_sampler.TestPassingCases" name="test_block_length_sampler_initialization[poisson-10]" time="0.001" /><testcase classname="tests.test_block_length_sampler.TestPassingCases" name="test_block_length_sampler_initialization[poisson-100]" time="0.001" /><testcase classname="tests.test_block_length_sampler.TestPassingCases" name="test_block_length_sampler_initialization[exponential-2]" time="0.001" /><testcase classname="tests.test_block_length_sampler.TestPassingCases" name="test_block_length_sampler_initialization[exponential-10]" time="0.001" /><testcase classname="tests.test_block_length_sampler.TestPassingCases" name="test_block_length_sampler_initialization[exponential-100]" time="0.001" /><testcase classname="tests.test_block_length_sampler.TestPassingCases" name="test_block_length_sampler_initialization[normal-2]" time="0.001" /><testcase classname="tests.test_block_length_sampler.TestPassingCases" name="test_block_length_sampler_initialization[normal-10]" time="0.001" /><testcase classname="tests.test_block_length_sampler.TestPassingCases" name="test_block_length_sampler_initialization[normal-100]" time="0.001" /><testcase classname="tests.test_block_length_sampler.TestPassingCases" name="test_block_length_sampler_initialization[gamma-2]" time="0.001" /><testcase classname="tests.test_block_length_sampler.TestPassingCases" name="test_block_length_sampler_initialization[gamma-10]" time="0.001" /><testcase classname="tests.test_block_length_sampler.TestPassingCases" name="test_block_length_sampler_initialization[gamma-100]" time="0.001" /><testcase classname="tests.test_block_length_sampler.TestPassingCases" name="test_block_length_sampler_initialization[beta-2]" time="0.001" /><testcase classname="tests.test_block_length_sampler.TestPassingCases" name="test_block_length_sampler_initialization[beta-10]" time="0.001" /><testcase classname="tests.test_block_length_sampler.TestPassingCases" name="test_block_length_sampler_initialization[beta-100]" time="0.001" /><testcase classname="tests.test_block_length_sampler.TestPassingCases" name="test_block_length_sampler_initialization[lognormal-2]" time="0.001" /><testcase classname="tests.test_block_length_sampler.TestPassingCases" name="test_block_length_sampler_initialization[lognormal-10]" time="0.001" /><testcase classname="tests.test_block_length_sampler.TestPassingCases" name="test_block_length_sampler_initialization[lognormal-100]" time="0.001" /><testcase classname="tests.test_block_length_sampler.TestPassingCases" name="test_block_length_sampler_initialization[weibull-2]" time="0.001" /><testcase classname="tests.test_block_length_sampler.TestPassingCases" name="test_block_length_sampler_initialization[weibull-10]" time="0.001" /><testcase classname="tests.test_block_length_sampler.TestPassingCases" name="test_block_length_sampler_initialization[weibull-100]" time="0.001" /><testcase classname="tests.test_block_length_sampler.TestPassingCases" name="test_block_length_sampler_initialization[pareto-2]" time="0.001" /><testcase classname="tests.test_block_length_sampler.TestPassingCases" name="test_block_length_sampler_initialization[pareto-10]" time="0.001" /><testcase classname="tests.test_block_length_sampler.TestPassingCases" name="test_block_length_sampler_initialization[pareto-100]" time="0.001" /><testcase classname="tests.test_block_length_sampler.TestPassingCases" name="test_block_length_sampler_initialization[geometric-2]" time="0.001" /><testcase classname="tests.test_block_length_sampler.TestPassingCases" name="test_block_length_sampler_initialization[geometric-10]" time="0.001" /><testcase classname="tests.test_block_length_sampler.TestPassingCases" name="test_block_length_sampler_initialization[geometric-100]" time="0.001" /><testcase classname="tests.test_block_length_sampler.TestPassingCases" name="test_block_length_sampler_initialization[uniform-2]" time="0.001" /><testcase classname="tests.test_block_length_sampler.TestPassingCases" name="test_block_length_sampler_initialization[uniform-10]" time="0.001" /><testcase classname="tests.test_block_length_sampler.TestPassingCases" name="test_block_length_sampler_initialization[uniform-100]" time="0.001" /><testcase classname="tests.test_block_length_sampler.TestPassingCases" name="test_block_length_sampler_initialization_with_random_seed[None]" time="0.001" /><testcase classname="tests.test_block_length_sampler.TestPassingCases" name="test_block_length_sampler_initialization_with_random_seed[42]" time="0.001" /><testcase classname="tests.test_block_length_sampler.TestPassingCases" name="test_block_length_sampler_initialization_with_random_seed[0]" time="0.001" /><testcase classname="tests.test_block_length_sampler.TestPassingCases" name="test_block_length_sampler_initialization_with_random_seed[4294967295]" time="0.001" /><testcase classname="tests.test_block_length_sampler.TestPassingCases" name="test_same_random_seed" time="0.001" /><testcase classname="tests.test_block_length_sampler.TestPassingCases" name="test_different_random_seeds" time="0.001" /><testcase classname="tests.test_block_length_sampler.TestPassingCases" name="test_sample_block_length" time="0.075" /><testcase classname="tests.test_block_length_sampler.TestFailingCases" name="test_invalid_distribution_name" time="0.001" /><testcase classname="tests.test_block_length_sampler.TestFailingCases" name="test_invalid_distribution_number" time="0.001" /><testcase classname="tests.test_block_length_sampler.TestFailingCases" name="test_invalid_random_seed_low" time="0.001" /><testcase classname="tests.test_block_length_sampler.TestFailingCases" name="test_invalid_random_seed_high" time="0.001" /><testcase classname="tests.test_block_length_sampler.TestFailingCases" name="test_zero_avg_block_length" time="0.001" /><testcase classname="tests.test_block_length_sampler.TestFailingCases" name="test_non_integer_random_seed" time="0.150" /><testcase classname="tests.test_block_length_sampler.TestFailingCases" name="test_negative_avg_block_length" time="0.078" /><testcase classname="tests.test_block_length_sampler.TestFailingCases" name="test_one_avg_block_length" time="0.001" /><testcase classname="tests.test_block_length_sampler.TestFailingCases" name="test_non_integer_avg_block_length" time="0.153" /><testcase classname="tests.test_block_length_sampler.TestFailingCases" name="test_none_avg_block_length" time="0.001" /><testcase classname="tests.test_block_resampler.TestInit.TestPassingCases" name="test_init" time="12.793" /><testcase classname="tests.test_block_resampler.TestInit.TestPassingCases" name="test_block_weights_setter" time="12.695" /><testcase classname="tests.test_block_resampler.TestInit.TestPassingCases" name="test_tapered_weights_setter" time="11.065" /><testcase classname="tests.test_block_resampler.TestInit.TestPassingCases" name="test_none_block_weights" time="5.976" /><testcase classname="tests.test_block_resampler.TestInit.TestPassingCases" name="test_none_tapered_weights" time="2.319" /><testcase classname="tests.test_block_resampler.TestInit.TestPassingCases" name="test_none_rng" time="0.345" /><testcase classname="tests.test_block_resampler.TestInit.TestFailingCases" name="test_init_wrong_blocks" time="0.360" /><testcase classname="tests.test_block_resampler.TestInit.TestFailingCases" name="test_init_wrong_X" time="0.324" /><testcase classname="tests.test_block_resampler.TestInit.TestFailingCases" name="test_init_wrong_block_weights" time="0.369" /><testcase classname="tests.test_block_resampler.TestInit.TestFailingCases" name="test_init_wrong_tapered_weights" time="0.449" /><testcase classname="tests.test_block_resampler.TestInit.TestFailingCases" name="test_init_wrong_rng" time="0.267" /><testcase classname="tests.test_block_resampler.TestResampleBlocks.TestPassingCases" name="test_resample_blocks_valid_inputs" time="2.045" /><testcase classname="tests.test_block_resampler.TestGenerateBlockIndicesAndData.TestPassingCases" name="test_valid_inputs" time="12.359" /><testcase classname="tests.test_bootstrap.TestWholeResidualBootstrap.TestPassingCases" name="test_whole_residual_bootstrap" time="20.956" /><testcase classname="tests.test_bootstrap.TestWholeResidualBootstrap.TestFailingCases" name="test_invalid_fit_model" time="0.797" /><testcase classname="tests.test_bootstrap.TestBlockResidualBootstrap.TestPassingCases" name="test_block_residual_bootstrap" time="182.948" /><testcase classname="tests.test_bootstrap.TestBlockResidualBootstrap.TestFailingCases" name="test_invalid_fit_model" time="0.623" /><testcase classname="tests.test_bootstrap.TestWholeMarkovBootstrap.TestPassingCases" name="test_whole_markov_bootstrap" time="7.085" /><testcase classname="tests.test_bootstrap.TestWholeMarkovBootstrap.TestFailingCases" name="test_invalid_fit_model" time="0.047" /><testcase classname="tests.test_bootstrap.TestBlockMarkovBootstrap.TestPassingCases" name="test_block_markov_bootstrap" time="48.565" /><testcase classname="tests.test_bootstrap.TestBlockMarkovBootstrap.TestFailingCases" name="test_invalid_fit_model" time="0.046" /><testcase classname="tests.test_bootstrap.TestWholeStatisticPreservingBootstrap.TestPassingCases" name="test_whole_statistic_preserving_bootstrap" time="0.735" /><testcase classname="tests.test_bootstrap.TestBlockStatisticPreservingBootstrap.TestPassingCases" name="test_block_statistic_preserving_bootstrap" time="0.942" /><testcase classname="tests.test_bootstrap.TestBlockStatisticPreservingBootstrap.TestFailingCases" name="test_invalid_fit_model" time="0.546" /><testcase classname="tests.test_bootstrap.TestWholeDistributionBootstrap.TestPassingCases" name="test_whole_distribution_bootstrap" time="4.731" /><testcase classname="tests.test_bootstrap.TestWholeDistributionBootstrap.TestFailingCases" name="test_invalid_fit_model" time="0.682" /><testcase classname="tests.test_bootstrap.TestBlockDistributionBootstrap.TestPassingCases" name="test_block_statistic_preserving_bootstrap" time="6.619" /><testcase classname="tests.test_bootstrap.TestBlockDistributionBootstrap.TestFailingCases" name="test_invalid_fit_model" time="0.519" /><testcase classname="tests.test_bootstrap.TestWholeSieveBootstrap.TestPassingCases" name="test_whole_sieve_bootstrap" time="5.921" /><testcase classname="tests.test_bootstrap.TestWholeSieveBootstrap.TestFailingCases" name="test_invalid_fit_model" time="0.618" /><testcase classname="tests.test_bootstrap.TestBlockSieveBootstrap.TestPassingCases" name="test_block_statistic_preserving_bootstrap" time="9.671" /><testcase classname="tests.test_bootstrap.TestBlockSieveBootstrap.TestFailingCases" name="test_invalid_fit_model" time="0.699" /><testcase classname="tests.test_markov_sampler.TestMarkovTransitionMatrixCalculator.TestCalculateTransitionProbabilities.TestPassingCases" name="test_constant_blocks" time="0.000"><skipped type="pytest.skip" message="dtaidistance package not installed">/home/sgilda/Documents/tsbootstrap/tests/test_markov_sampler.py:64: dtaidistance package not installed</skipped></testcase><testcase classname="tests.test_markov_sampler.TestMarkovTransitionMatrixCalculator.TestCalculateTransitionProbabilities.TestPassingCases" name="test_random_blocks[2-2]" time="0.000"><skipped type="pytest.skip" message="dtaidistance package not installed">/home/sgilda/Documents/tsbootstrap/tests/test_markov_sampler.py:85: dtaidistance package not installed</skipped></testcase><testcase classname="tests.test_markov_sampler.TestMarkovTransitionMatrixCalculator.TestCalculateTransitionProbabilities.TestPassingCases" name="test_random_blocks[5-3]" time="0.000"><skipped type="pytest.skip" message="dtaidistance package not installed">/home/sgilda/Documents/tsbootstrap/tests/test_markov_sampler.py:85: dtaidistance package not installed</skipped></testcase><testcase classname="tests.test_markov_sampler.TestMarkovTransitionMatrixCalculator.TestCalculateTransitionProbabilities.TestPassingCases" name="test_random_blocks[10-4]" time="0.000"><skipped type="pytest.skip" message="dtaidistance package not installed">/home/sgilda/Documents/tsbootstrap/tests/test_markov_sampler.py:85: dtaidistance package not installed</skipped></testcase><testcase classname="tests.test_markov_sampler.TestMarkovTransitionMatrixCalculator.TestCalculateTransitionProbabilities.TestPassingCases" name="test_random_blocks_different_sizes" time="0.000"><skipped type="pytest.skip" message="dtaidistance package not installed">/home/sgilda/Documents/tsbootstrap/tests/test_markov_sampler.py:99: dtaidistance package not installed</skipped></testcase><testcase classname="tests.test_markov_sampler.TestMarkovTransitionMatrixCalculator.TestCalculateTransitionProbabilities.TestPassingCases" name="test_multiple_blocks_same_size[1]" time="0.000"><skipped type="pytest.skip" message="dtaidistance package not installed">/home/sgilda/Documents/tsbootstrap/tests/test_markov_sampler.py:115: dtaidistance package not installed</skipped></testcase><testcase classname="tests.test_markov_sampler.TestMarkovTransitionMatrixCalculator.TestCalculateTransitionProbabilities.TestPassingCases" name="test_multiple_blocks_same_size[5]" time="0.000"><skipped type="pytest.skip" message="dtaidistance package not installed">/home/sgilda/Documents/tsbootstrap/tests/test_markov_sampler.py:115: dtaidistance package not installed</skipped></testcase><testcase classname="tests.test_markov_sampler.TestMarkovTransitionMatrixCalculator.TestCalculateTransitionProbabilities.TestPassingCases" name="test_multiple_blocks_same_size[10]" time="0.000"><skipped type="pytest.skip" message="dtaidistance package not installed">/home/sgilda/Documents/tsbootstrap/tests/test_markov_sampler.py:115: dtaidistance package not installed</skipped></testcase><testcase classname="tests.test_markov_sampler.TestMarkovTransitionMatrixCalculator.TestCalculateTransitionProbabilities.TestFailingCases" name="test_empty_list" time="0.001"><skipped type="pytest.skip" message="dtaidistance package not installed">/home/sgilda/Documents/tsbootstrap/tests/test_markov_sampler.py:128: dtaidistance package not installed</skipped></testcase><testcase classname="tests.test_markov_sampler.TestMarkovTransitionMatrixCalculator.TestCalculateTransitionProbabilities.TestFailingCases" name="test_none_blocks" time="0.000"><skipped type="pytest.skip" message="dtaidistance package not installed">/home/sgilda/Documents/tsbootstrap/tests/test_markov_sampler.py:138: dtaidistance package not installed</skipped></testcase><testcase classname="tests.test_markov_sampler.TestMarkovTransitionMatrixCalculator.TestCalculateTransitionProbabilities.TestFailingCases" name="test_incompatible_block_shapes" time="0.000"><skipped type="pytest.skip" message="dtaidistance package not installed">/home/sgilda/Documents/tsbootstrap/tests/test_markov_sampler.py:148: dtaidistance package not installed</skipped></testcase><testcase classname="tests.test_markov_sampler.TestMarkovTransitionMatrixCalculator.TestCalculateTransitionProbabilities.TestFailingCases" name="test_invalid_number_of_blocks[0]" time="0.000"><skipped type="pytest.skip" message="dtaidistance package not installed">/home/sgilda/Documents/tsbootstrap/tests/test_markov_sampler.py:158: dtaidistance package not installed</skipped></testcase><testcase classname="tests.test_markov_sampler.TestMarkovTransitionMatrixCalculator.TestCalculateTransitionProbabilities.TestFailingCases" name="test_invalid_number_of_blocks[-1]" time="0.000"><skipped type="pytest.skip" message="dtaidistance package not installed">/home/sgilda/Documents/tsbootstrap/tests/test_markov_sampler.py:158: dtaidistance package not installed</skipped></testcase><testcase classname="tests.test_markov_sampler.TestMarkovTransitionMatrixCalculator.TestCalculateTransitionProbabilities.TestFailingCases" name="test_different_number_of_features" time="0.000"><skipped type="pytest.skip" message="dtaidistance package not installed">/home/sgilda/Documents/tsbootstrap/tests/test_markov_sampler.py:169: dtaidistance package not installed</skipped></testcase><testcase classname="tests.test_markov_sampler.TestMarkovTransitionMatrixCalculator.TestCalculateTransitionProbabilities.TestFailingCases" name="test_non_ndarray_blocks" time="0.000"><skipped type="pytest.skip" message="dtaidistance package not installed">/home/sgilda/Documents/tsbootstrap/tests/test_markov_sampler.py:179: dtaidistance package not installed</skipped></testcase><testcase classname="tests.test_markov_sampler.TestMarkovTransitionMatrixCalculator.TestCalculateTransitionProbabilities.TestFailingCases" name="test_invalid_generation_params[0-block_size0]" time="0.000"><skipped type="pytest.skip" message="dtaidistance package not installed">/home/sgilda/Documents/tsbootstrap/tests/test_markov_sampler.py:189: dtaidistance package not installed</skipped></testcase><testcase classname="tests.test_markov_sampler.TestMarkovTransitionMatrixCalculator.TestCalculateTransitionProbabilities.TestFailingCases" name="test_invalid_generation_params[-1-block_size1]" time="0.000"><skipped type="pytest.skip" message="dtaidistance package not installed">/home/sgilda/Documents/tsbootstrap/tests/test_markov_sampler.py:189: dtaidistance package not installed</skipped></testcase><testcase classname="tests.test_markov_sampler.TestBlockCompressor.TestInitAndGettersAndSetters.TestPassingCases" name="test_initialization_pass" time="0.146" /><testcase classname="tests.test_markov_sampler.TestBlockCompressor.TestInitAndGettersAndSetters.TestPassingCases" name="test_method_setter_pass" time="0.015" /><testcase classname="tests.test_markov_sampler.TestBlockCompressor.TestInitAndGettersAndSetters.TestPassingCases" name="test_apply_pca_setter_pass" time="0.004" /><testcase classname="tests.test_markov_sampler.TestBlockCompressor.TestInitAndGettersAndSetters.TestPassingCases" name="test_pca_setter_pass" time="0.003" /><testcase classname="tests.test_markov_sampler.TestBlockCompressor.TestInitAndGettersAndSetters.TestPassingCases" name="test_rng_setter_pass" time="0.123" /><testcase classname="tests.test_markov_sampler.TestBlockCompressor.TestInitAndGettersAndSetters.TestFailingCases" name="test_initialization_fail_invalid_method" time="0.467" /><testcase classname="tests.test_markov_sampler.TestBlockCompressor.TestInitAndGettersAndSetters.TestFailingCases" name="test_initialization_fail_invalid_pca" time="0.148" /><testcase classname="tests.test_markov_sampler.TestBlockCompressor.TestInitAndGettersAndSetters.TestFailingCases" name="test_method_setter_fail" time="0.247" /><testcase classname="tests.test_markov_sampler.TestBlockCompressor.TestInitAndGettersAndSetters.TestFailingCases" name="test_apply_pca_setter_fail" time="0.089" /><testcase classname="tests.test_markov_sampler.TestBlockCompressor.TestInitAndGettersAndSetters.TestFailingCases" name="test_pca_setter_fail" time="0.003" /><testcase classname="tests.test_markov_sampler.TestBlockCompressor.TestInitAndGettersAndSetters.TestFailingCases" name="test_rng_setter_fail" time="0.255" /><testcase classname="tests.test_markov_sampler.TestBlockCompressor.TestSummarizeBlocks.TestPassingCases" name="test_valid_methods" time="0.187" /><testcase classname="tests.test_markov_sampler.TestBlockCompressor.TestSummarizeBlocks.TestPassingCases" name="test_unequal_sub_block_sizes" time="0.169" /><testcase classname="tests.test_markov_sampler.TestBlockCompressor.TestSummarizeBlocks.TestPassingCases" name="test_random_seed" time="0.061" /><testcase classname="tests.test_markov_sampler.TestBlockCompressor.TestSummarizeBlocks.TestPassingCases" name="test_input_list_various_sizes" time="0.404" /><testcase classname="tests.test_markov_sampler.TestBlockCompressor.TestSummarizeBlocks.TestPassingCases" name="test_output_values_range" time="0.206" /><testcase classname="tests.test_markov_sampler.TestBlockCompressor.TestSummarizeBlocks.TestPassingCases" name="test_output_values_first_last_middle" time="0.180" /><testcase classname="tests.test_markov_sampler.TestBlockCompressor.TestSummarizeBlocks.TestPassingCases" name="test_output_values_mean_median" time="0.482" /><testcase classname="tests.test_markov_sampler.TestBlockCompressor.TestSummarizeBlocks.TestPassingCases" name="test_output_values_mode" time="0.349" /><testcase classname="tests.test_markov_sampler.TestBlockCompressor.TestSummarizeBlocks.TestFailingCases" name="test_empty_blocks" time="0.001" /><testcase classname="tests.test_markov_sampler.TestBlockCompressor.TestSummarizeBlocks.TestFailingCases" name="test_nan_inf_values" time="0.001" /><testcase classname="tests.test_markov_sampler.TestBlockCompressor.TestSummarizeBlocks.TestFailingCases" name="test_empty_sub_block" time="0.001" /><testcase classname="tests.test_markov_sampler.TestBlockCompressor.TestSummarizeBlocks.TestFailingCases" name="test_non_2d_sub_block" time="0.001" /><testcase classname="tests.test_markov_sampler.TestMarkovSampler.TestInitAndGettersAndSetters.TestPassingCases" name="test_apply_pca_setter_valid" time="0.004" /><testcase classname="tests.test_markov_sampler.TestMarkovSampler.TestInitAndGettersAndSetters.TestPassingCases" name="test_pca_setter_valid" time="0.006" /><testcase classname="tests.test_markov_sampler.TestMarkovSampler.TestInitAndGettersAndSetters.TestPassingCases" name="test_n_iter_hmm_setter_valid" time="0.070" /><testcase classname="tests.test_markov_sampler.TestMarkovSampler.TestInitAndGettersAndSetters.TestPassingCases" name="test_n_fits_hmm_setter_valid" time="0.067" /><testcase classname="tests.test_markov_sampler.TestMarkovSampler.TestInitAndGettersAndSetters.TestPassingCases" name="test_random_seed_setter_valid" time="0.147" /><testcase classname="tests.test_markov_sampler.TestMarkovSampler.TestInitAndGettersAndSetters.TestFailingCases" name="test_n_iter_hmm_setter_invalid" time="0.257" /><testcase classname="tests.test_markov_sampler.TestMarkovSampler.TestInitAndGettersAndSetters.TestFailingCases" name="test_n_fits_hmm_setter_invalid" time="0.257" /><testcase classname="tests.test_markov_sampler.TestMarkovSampler.TestInitAndGettersAndSetters.TestFailingCases" name="test_random_seed_setter_invalid" time="0.220" /><testcase classname="tests.test_markov_sampler.TestMarkovSampler.TestFitHiddenMarkovModel.TestPassingCases" name="test_fit_hidden_markov_model[X0-2-100-10]" time="0.197" /><testcase classname="tests.test_markov_sampler.TestMarkovSampler.TestFitHiddenMarkovModel.TestPassingCases" name="test_fit_hidden_markov_model[X1-2-100-10]" time="0.136" /><testcase classname="tests.test_markov_sampler.TestMarkovSampler.TestFitHiddenMarkovModel.TestPassingCases" name="test_fit_hidden_markov_model[X2-3-200-20]" time="0.258" /><testcase classname="tests.test_markov_sampler.TestMarkovSampler.TestFitHiddenMarkovModel.TestPassingCases" name="test_fit_hidden_markov_model[X3-1-50-5]" time="0.028" /><testcase classname="tests.test_markov_sampler.TestMarkovSampler.TestFitHiddenMarkovModel.TestPassingCases" name="test_fit_hidden_markov_model[X4-3-300-30]" time="0.678" /><testcase classname="tests.test_markov_sampler.TestMarkovSampler.TestFitHiddenMarkovModel.TestPassingCases" name="test_fit_hidden_markov_model[X5-5-100-10]" time="0.847" /><testcase classname="tests.test_markov_sampler.TestMarkovSampler.TestFitHiddenMarkovModel.TestPassingCases" name="test_fit_hidden_markov_model[X6-2-1000-100]" time="4.245" /><testcase classname="tests.test_markov_sampler.TestMarkovSampler.TestFitHiddenMarkovModel.TestPassingCases" name="test_fit_hidden_markov_model[X7-4-200-20]" time="0.516" /><testcase classname="tests.test_markov_sampler.TestMarkovSampler.TestFitHiddenMarkovModel.TestPassingCases" name="test_fit_hidden_markov_model[X8-3-150-15]" time="0.188" /><testcase classname="tests.test_markov_sampler.TestMarkovSampler.TestFitHiddenMarkovModel.TestPassingCases" name="test_fit_hidden_markov_model_with_transmat_means_init" time="53.994" /><testcase classname="tests.test_markov_sampler.TestMarkovSampler.TestFitHiddenMarkovModel.TestFailingCases" name="test_fit_hidden_markov_model[X0-1-100-10]" time="0.002" /><testcase classname="tests.test_markov_sampler.TestMarkovSampler.TestFitHiddenMarkovModel.TestFailingCases" name="test_fit_hidden_markov_model[X1-0-100-10]" time="0.001" /><testcase classname="tests.test_markov_sampler.TestMarkovSampler.TestFitHiddenMarkovModel.TestFailingCases" name="test_fit_hidden_markov_model[X2-2--100-10]" time="0.001" /><testcase classname="tests.test_markov_sampler.TestMarkovSampler.TestFitHiddenMarkovModel.TestFailingCases" name="test_fit_hidden_markov_model[X3-2-100--10]" time="0.002" /><testcase classname="tests.test_markov_sampler.TestMarkovSampler.TestFitHiddenMarkovModel.TestFailingCases" name="test_fit_hidden_markov_model[X4-5-100-10]" time="0.013" /><testcase classname="tests.test_markov_sampler.TestMarkovSampler.TestFitHiddenMarkovModel.TestFailingCases" name="test_fit_hidden_markov_model[X5-1-100-10]" time="0.003" /><testcase classname="tests.test_markov_sampler.TestMarkovSampler.TestFitHiddenMarkovModel.TestFailingCases" name="test_fit_hidden_markov_model[X6-a-100-10]" time="0.001" /><testcase classname="tests.test_markov_sampler.TestMarkovSampler.TestFitHiddenMarkovModel.TestFailingCases" name="test_fit_hidden_markov_model[X7-2-b-10]" time="0.004" /><testcase classname="tests.test_markov_sampler.TestMarkovSampler.TestFitHiddenMarkovModel.TestFailingCases" name="test_fit_hidden_markov_model[X8-2-100-c]" time="0.001" /><testcase classname="tests.test_markov_sampler.TestMarkovSampler.TestFitHiddenMarkovModel.TestFailingCases" name="test_fit_hidden_markov_model[X9-2-100-10.5]" time="0.001" /><testcase classname="tests.test_markov_sampler.TestMarkovSampler.TestFitHiddenMarkovModel.TestFailingCases" name="test_fit_hidden_markov_model_with_invalid_transmat_init" time="0.477" /><testcase classname="tests.test_markov_sampler.TestMarkovSampler.TestFitHiddenMarkovModel.TestFailingCases" name="test_fit_hidden_markov_model_with_invalid_means_init" time="0.288" /><testcase classname="tests.test_markov_sampler.TestMarkovSampler.TestSample.TestPassingCases" name="test_sample_with_list_blocks_passing_blocks_as_hidden_states_flag_false[blocks0-2-100-10]" time="0.911" /><testcase classname="tests.test_markov_sampler.TestMarkovSampler.TestSample.TestPassingCases" name="test_sample_with_list_blocks_passing_blocks_as_hidden_states_flag_false[blocks1-2-100-10]" time="0.276" /><testcase classname="tests.test_markov_sampler.TestMarkovSampler.TestSample.TestPassingCases" name="test_sample_with_list_blocks_passing_blocks_as_hidden_states_flag_false[blocks2-3-200-20]" time="0.879" /><testcase classname="tests.test_markov_sampler.TestMarkovSampler.TestSample.TestPassingCases" name="test_sample_with_list_blocks_passing_blocks_as_hidden_states_flag_false[blocks3-1-50-5]" time="0.038" /><testcase classname="tests.test_markov_sampler.TestMarkovSampler.TestSample.TestPassingCases" name="test_sample_with_list_blocks_passing_blocks_as_hidden_states_flag_false[blocks4-3-300-30]" time="11.488" /><testcase classname="tests.test_markov_sampler.TestMarkovSampler.TestSample.TestPassingCases" name="test_sample_with_list_blocks_passing_blocks_as_hidden_states_flag_false[blocks5-3-100-10]" time="6.437" /><testcase classname="tests.test_markov_sampler.TestMarkovSampler.TestSample.TestPassingCases" name="test_sample_with_list_blocks_passing_blocks_as_hidden_states_flag_false[blocks6-2-100-100]" time="36.447" /><testcase classname="tests.test_markov_sampler.TestMarkovSampler.TestSample.TestPassingCases" name="test_sample_with_list_blocks_passing_blocks_as_hidden_states_flag_false[blocks7-3-200-20]" time="4.587" /><testcase classname="tests.test_markov_sampler.TestMarkovSampler.TestSample.TestPassingCases" name="test_sample_with_list_blocks_passing_blocks_as_hidden_states_flag_false[blocks8-3-400-40]" time="14.434" /><testcase classname="tests.test_markov_sampler.TestMarkovSampler.TestSample.TestPassingCases" name="test_sample_with_list_blocks_passing_blocks_as_hidden_states_flag_false[blocks9-3-150-15]" time="0.694" /><testcase classname="tests.test_markov_sampler.TestMarkovSampler.TestSample.TestPassingCases" name="test_sample_with_list_blocks_passing_blocks_as_hidden_states_flag_true[blocks0-2-100-10]" time="0.000"><skipped type="pytest.skip" message="dtaidistance package not installed">/home/sgilda/Documents/tsbootstrap/tests/test_markov_sampler.py:1038: dtaidistance package not installed</skipped></testcase><testcase classname="tests.test_markov_sampler.TestMarkovSampler.TestSample.TestPassingCases" name="test_sample_with_list_blocks_passing_blocks_as_hidden_states_flag_true[blocks1-2-100-10]" time="0.000"><skipped type="pytest.skip" message="dtaidistance package not installed">/home/sgilda/Documents/tsbootstrap/tests/test_markov_sampler.py:1038: dtaidistance package not installed</skipped></testcase><testcase classname="tests.test_markov_sampler.TestMarkovSampler.TestSample.TestPassingCases" name="test_sample_with_list_blocks_passing_blocks_as_hidden_states_flag_true[blocks2-3-200-20]" time="0.000"><skipped type="pytest.skip" message="dtaidistance package not installed">/home/sgilda/Documents/tsbootstrap/tests/test_markov_sampler.py:1038: dtaidistance package not installed</skipped></testcase><testcase classname="tests.test_markov_sampler.TestMarkovSampler.TestSample.TestPassingCases" name="test_sample_with_list_blocks_passing_blocks_as_hidden_states_flag_true[blocks3-1-50-5]" time="0.000"><skipped type="pytest.skip" message="dtaidistance package not installed">/home/sgilda/Documents/tsbootstrap/tests/test_markov_sampler.py:1038: dtaidistance package not installed</skipped></testcase><testcase classname="tests.test_markov_sampler.TestMarkovSampler.TestSample.TestPassingCases" name="test_sample_with_list_blocks_passing_blocks_as_hidden_states_flag_true[blocks4-3-300-30]" time="0.000"><skipped type="pytest.skip" message="dtaidistance package not installed">/home/sgilda/Documents/tsbootstrap/tests/test_markov_sampler.py:1038: dtaidistance package not installed</skipped></testcase><testcase classname="tests.test_markov_sampler.TestMarkovSampler.TestSample.TestPassingCases" name="test_sample_with_list_blocks_passing_blocks_as_hidden_states_flag_true[blocks5-3-100-10]" time="0.000"><skipped type="pytest.skip" message="dtaidistance package not installed">/home/sgilda/Documents/tsbootstrap/tests/test_markov_sampler.py:1038: dtaidistance package not installed</skipped></testcase><testcase classname="tests.test_markov_sampler.TestMarkovSampler.TestSample.TestPassingCases" name="test_sample_with_list_blocks_passing_blocks_as_hidden_states_flag_true[blocks6-2-100-100]" time="0.000"><skipped type="pytest.skip" message="dtaidistance package not installed">/home/sgilda/Documents/tsbootstrap/tests/test_markov_sampler.py:1038: dtaidistance package not installed</skipped></testcase><testcase classname="tests.test_markov_sampler.TestMarkovSampler.TestSample.TestPassingCases" name="test_sample_with_list_blocks_passing_blocks_as_hidden_states_flag_true[blocks7-3-200-20]" time="0.000"><skipped type="pytest.skip" message="dtaidistance package not installed">/home/sgilda/Documents/tsbootstrap/tests/test_markov_sampler.py:1038: dtaidistance package not installed</skipped></testcase><testcase classname="tests.test_markov_sampler.TestMarkovSampler.TestSample.TestPassingCases" name="test_sample_with_list_blocks_passing_blocks_as_hidden_states_flag_true[blocks8-3-400-40]" time="0.000"><skipped type="pytest.skip" message="dtaidistance package not installed">/home/sgilda/Documents/tsbootstrap/tests/test_markov_sampler.py:1038: dtaidistance package not installed</skipped></testcase><testcase classname="tests.test_markov_sampler.TestMarkovSampler.TestSample.TestPassingCases" name="test_sample_with_list_blocks_passing_blocks_as_hidden_states_flag_true[blocks9-3-150-15]" time="0.000"><skipped type="pytest.skip" message="dtaidistance package not installed">/home/sgilda/Documents/tsbootstrap/tests/test_markov_sampler.py:1038: dtaidistance package not installed</skipped></testcase><testcase classname="tests.test_markov_sampler.TestMarkovSampler.TestSample.TestPassingCases" name="test_sample_with_np_array_blocks_passing[blocks0-2-100-10]" time="0.199" /><testcase classname="tests.test_markov_sampler.TestMarkovSampler.TestSample.TestPassingCases" name="test_sample_with_np_array_blocks_passing[blocks1-2-100-10]" time="0.123" /><testcase classname="tests.test_markov_sampler.TestMarkovSampler.TestSample.TestPassingCases" name="test_sample_with_np_array_blocks_passing[blocks2-3-200-20]" time="0.229" /><testcase classname="tests.test_markov_sampler.TestMarkovSampler.TestSample.TestPassingCases" name="test_sample_with_np_array_blocks_passing[blocks3-1-50-5]" time="0.018" /><testcase classname="tests.test_markov_sampler.TestMarkovSampler.TestSample.TestPassingCases" name="test_sample_with_np_array_blocks_passing[blocks4-3-300-30]" time="0.671" /><testcase classname="tests.test_markov_sampler.TestMarkovSampler.TestSample.TestPassingCases" name="test_sample_with_np_array_blocks_passing[blocks5-5-100-10]" time="0.729" /><testcase classname="tests.test_markov_sampler.TestMarkovSampler.TestSample.TestPassingCases" name="test_sample_with_np_array_blocks_passing[blocks6-2-1000-100]" time="2.969" /><testcase classname="tests.test_markov_sampler.TestMarkovSampler.TestSample.TestPassingCases" name="test_sample_with_np_array_blocks_passing[blocks7-4-200-20]" time="0.468" /><testcase classname="tests.test_markov_sampler.TestMarkovSampler.TestSample.TestPassingCases" name="test_sample_with_np_array_blocks_passing[blocks8-3-150-15]" time="0.174" /><testcase classname="tests.test_markov_sampler.TestMarkovSampler.TestSample.TestFailingCases" name="test_sample_with_np_array_blocks_failing[blocks0-1-100-10]" time="0.001" /><testcase classname="tests.test_markov_sampler.TestMarkovSampler.TestSample.TestFailingCases" name="test_sample_with_np_array_blocks_failing[blocks1-0-100-10]" time="0.001" /><testcase classname="tests.test_markov_sampler.TestMarkovSampler.TestSample.TestFailingCases" name="test_sample_with_np_array_blocks_failing[blocks2-2--100-10]" time="0.001" /><testcase classname="tests.test_markov_sampler.TestMarkovSampler.TestSample.TestFailingCases" name="test_sample_with_np_array_blocks_failing[blocks3-2-100--10]" time="0.001" /><testcase classname="tests.test_markov_sampler.TestMarkovSampler.TestSample.TestFailingCases" name="test_sample_with_np_array_blocks_failing[blocks4-5-100-10]" time="0.001" /><testcase classname="tests.test_markov_sampler.TestMarkovSampler.TestSample.TestFailingCases" name="test_sample_with_np_array_blocks_failing[blocks5-1-100-10]" time="0.001" /><testcase classname="tests.test_markov_sampler.TestMarkovSampler.TestSample.TestFailingCases" name="test_sample_with_np_array_blocks_failing[blocks6-a-100-10]" time="0.001" /><testcase classname="tests.test_markov_sampler.TestMarkovSampler.TestSample.TestFailingCases" name="test_sample_with_np_array_blocks_failing[blocks7-2-b-10]" time="0.001" /><testcase classname="tests.test_markov_sampler.TestMarkovSampler.TestSample.TestFailingCases" name="test_sample_with_np_array_blocks_failing[blocks8-2-100-c]" time="0.001" /><testcase classname="tests.test_markov_sampler.TestMarkovSampler.TestSample.TestFailingCases" name="test_sample_with_np_array_blocks_failing[blocks9-2-100-10.5]" time="0.001" /><testcase classname="tests.test_markov_sampler.TestMarkovSampler.TestSample.TestFailingCases" name="test_sample_with_list_blocks_failing[blocks0-1-100-10]" time="0.006" /><testcase classname="tests.test_markov_sampler.TestMarkovSampler.TestSample.TestFailingCases" name="test_sample_with_list_blocks_failing[blocks1-0-100-10]" time="0.001" /><testcase classname="tests.test_markov_sampler.TestMarkovSampler.TestSample.TestFailingCases" name="test_sample_with_list_blocks_failing[blocks2-2--100-10]" time="0.001" /><testcase classname="tests.test_markov_sampler.TestMarkovSampler.TestSample.TestFailingCases" name="test_sample_with_list_blocks_failing[blocks3-2-100--10]" time="0.001" /><testcase classname="tests.test_markov_sampler.TestMarkovSampler.TestSample.TestFailingCases" name="test_sample_with_list_blocks_failing[blocks4-3-100-10]" time="0.018" /><testcase classname="tests.test_markov_sampler.TestMarkovSampler.TestSample.TestFailingCases" name="test_sample_with_list_blocks_failing[blocks5-1-100-10]" time="0.001" /><testcase classname="tests.test_markov_sampler.TestMarkovSampler.TestSample.TestFailingCases" name="test_sample_with_list_blocks_failing[blocks6-a-100-10]" time="0.001" /><testcase classname="tests.test_markov_sampler.TestMarkovSampler.TestSample.TestFailingCases" name="test_sample_with_list_blocks_failing[blocks7-2-b-10]" time="0.001" /><testcase classname="tests.test_markov_sampler.TestMarkovSampler.TestSample.TestFailingCases" name="test_sample_with_list_blocks_failing[blocks8-2-100-c]" time="0.001" /><testcase classname="tests.test_markov_sampler.TestMarkovSampler.TestSample.TestFailingCases" name="test_sample_with_list_blocks_failing[blocks9-2-100-10.5]" time="0.001" /><testcase classname="tests.test_odds_and_ends.TestTimeSeriesSplit.TestPassingCases" name="test_valid_input" time="0.466" /><testcase classname="tests.test_odds_and_ends.TestTimeSeriesSplit.TestPassingCases" name="test_zero_ratio" time="0.001" /><testcase classname="tests.test_odds_and_ends.TestTimeSeriesSplit.TestPassingCases" name="test_full_ratio" time="0.001" /><testcase classname="tests.test_odds_and_ends.TestTimeSeriesSplit.TestFailingCases" name="test_negative_ratio" time="0.001" /><testcase classname="tests.test_odds_and_ends.TestTimeSeriesSplit.TestFailingCases" name="test_large_ratio" time="0.001" /><testcase classname="tests.test_ranklags.TestRankLags.TestPassingCases" name="test_basic_initialization" time="0.001" /><testcase classname="tests.test_ranklags.TestRankLags.TestPassingCases" name="test_custom_max_lag_initialization" time="0.001" /><testcase classname="tests.test_ranklags.TestRankLags.TestPassingCases" name="test_exogenous_variable_initialization" time="0.001" /><testcase classname="tests.test_ranklags.TestRankLags.TestPassingCases" name="test_save_models_flag_initialization" time="0.001" /><testcase classname="tests.test_ranklags.TestRankLags.TestPassingCases" name="test_aic_bic_rankings_univariate" time="0.024" /><testcase classname="tests.test_ranklags.TestRankLags.TestPassingCases" name="test_aic_bic_rankings_multivariate" time="0.004" /><testcase classname="tests.test_ranklags.TestRankLags.TestPassingCases" name="test_pacf_rankings_univariate" time="0.002" /><testcase classname="tests.test_ranklags.TestRankLags.TestPassingCases" name="test_conservative_lag_univariate" time="0.025" /><testcase classname="tests.test_ranklags.TestRankLags.TestPassingCases" name="test_conservative_lag_multivariate" time="0.017" /><testcase classname="tests.test_ranklags.TestRankLags.TestPassingCases" name="test_model_retrieval" time="0.024" /><testcase classname="tests.test_ranklags.TestRankLags.TestFailingCases" name="test_invalid_model_type" time="0.001" /><testcase classname="tests.test_ranklags.TestRankLags.TestFailingCases" name="test_negative_max_lag" time="0.001" /><testcase classname="tests.test_ranklags.TestRankLags.TestFailingCases" name="test_pacf_rankings_non_univariate" time="0.001" /><testcase classname="tests.test_ranklags.TestRankLags.TestFailingCases" name="test_model_retrieval_without_saving" time="0.023" /><testcase classname="tests.test_time_series_model" name="test_fit_ar[1]" time="0.013" /><testcase classname="tests.test_time_series_model" name="test_fit_ar[2]" time="0.013" /><testcase classname="tests.test_time_series_model" name="test_fit_ar[10]" time="0.013" /><testcase classname="tests.test_time_series_model" name="test_fit_ar[50]" time="0.002" /><testcase classname="tests.test_time_series_model" name="test_fit_ar[99]" time="0.001" /><testcase classname="tests.test_time_series_model" name="test_fit_ar[order5]" time="0.013" /><testcase classname="tests.test_time_series_model" name="test_fit_ar[order6]" time="0.013" /><testcase classname="tests.test_time_series_model" name="test_fit_ar[order7]" time="0.001" /><testcase classname="tests.test_time_series_model" name="test_fit_ar_errors" time="0.002" /><testcase classname="tests.test_time_series_model" name="test_fit_arima[arima_order0]" time="0.058" /><testcase classname="tests.test_time_series_model" name="test_fit_arima[arima_order1]" time="0.617" /><testcase classname="tests.test_time_series_model" name="test_fit_arima[arima_order2]" time="0.102" /><testcase classname="tests.test_time_series_model" name="test_fit_arima[arima_order3]" time="0.130" /><testcase classname="tests.test_time_series_model" name="test_fit_arima_errors" time="0.002" /><testcase classname="tests.test_time_series_model" name="test_fit_sarima[orders0]" time="0.123" /><testcase classname="tests.test_time_series_model" name="test_fit_sarima[orders1]" time="0.462" /><testcase classname="tests.test_time_series_model" name="test_fit_sarima[orders2]" time="0.605" /><testcase classname="tests.test_time_series_model" name="test_fit_sarima[orders3]" time="0.000"><skipped type="pytest.skip" message="Skipping for Python on Ubuntu">/home/sgilda/Documents/tsbootstrap/tests/test_time_series_model.py:238: Skipping for Python on Ubuntu</skipped></testcase><testcase classname="tests.test_time_series_model" name="test_fit_sarima[orders4]" time="0.000"><skipped type="pytest.skip" message="Skipping for Python on Ubuntu">/home/sgilda/Documents/tsbootstrap/tests/test_time_series_model.py:238: Skipping for Python on Ubuntu</skipped></testcase><testcase classname="tests.test_time_series_model" name="test_fit_sarima[orders5]" time="0.131" /><testcase classname="tests.test_time_series_model" name="test_fit_sarima[orders6]" time="0.058" /><testcase classname="tests.test_time_series_model" name="test_fit_sarima[orders7]" time="0.111" /><testcase classname="tests.test_time_series_model" name="test_fit_sarima_errors" time="0.002" /><testcase classname="tests.test_time_series_model" name="test_fit_var" time="0.020" /><testcase classname="tests.test_time_series_model" name="test_fit_var_errors" time="0.002" /><testcase classname="tests.test_time_series_model" name="test_fit_arch[zero-1-GARCH-1-1]" time="0.028" /><testcase classname="tests.test_time_series_model" name="test_fit_arch[zero-1-GARCH-1-2]" time="0.034" /><testcase classname="tests.test_time_series_model" name="test_fit_arch[zero-1-GARCH-2-1]" time="0.075" /><testcase classname="tests.test_time_series_model" name="test_fit_arch[zero-1-GARCH-2-2]" time="0.042" /><testcase classname="tests.test_time_series_model" name="test_fit_arch[zero-1-EGARCH-1-1]" time="0.017" /><testcase classname="tests.test_time_series_model" name="test_fit_arch[zero-1-EGARCH-1-2]" time="0.026" /><testcase classname="tests.test_time_series_model" name="test_fit_arch[zero-1-EGARCH-2-1]" time="0.561" /><testcase classname="tests.test_time_series_model" name="test_fit_arch[zero-1-EGARCH-2-2]" time="0.026" /><testcase classname="tests.test_time_series_model" name="test_fit_arch[zero-1-TARCH-1-1]" time="0.033" /><testcase classname="tests.test_time_series_model" name="test_fit_arch[zero-1-TARCH-1-2]" time="0.041" /><testcase classname="tests.test_time_series_model" name="test_fit_arch[zero-1-TARCH-2-1]" time="0.046" /><testcase classname="tests.test_time_series_model" name="test_fit_arch[zero-1-TARCH-2-2]" time="0.047" /><testcase classname="tests.test_time_series_model" name="test_fit_arch[zero-1-AGARCH-1-1]" time="0.041" /><testcase classname="tests.test_time_series_model" name="test_fit_arch[zero-1-AGARCH-1-2]" time="0.038" /><testcase classname="tests.test_time_series_model" name="test_fit_arch[zero-1-AGARCH-2-1]" time="0.103" /><testcase classname="tests.test_time_series_model" name="test_fit_arch[zero-1-AGARCH-2-2]" time="0.046" /><testcase classname="tests.test_time_series_model" name="test_fit_arch[zero-2-GARCH-1-1]" time="0.027" /><testcase classname="tests.test_time_series_model" name="test_fit_arch[zero-2-GARCH-1-2]" time="0.033" /><testcase classname="tests.test_time_series_model" name="test_fit_arch[zero-2-GARCH-2-1]" time="0.071" /><testcase classname="tests.test_time_series_model" name="test_fit_arch[zero-2-GARCH-2-2]" time="0.041" /><testcase classname="tests.test_time_series_model" name="test_fit_arch[zero-2-EGARCH-1-1]" time="0.017" /><testcase classname="tests.test_time_series_model" name="test_fit_arch[zero-2-EGARCH-1-2]" time="0.025" /><testcase classname="tests.test_time_series_model" name="test_fit_arch[zero-2-EGARCH-2-1]" time="0.548" /><testcase classname="tests.test_time_series_model" name="test_fit_arch[zero-2-EGARCH-2-2]" time="0.026" /><testcase classname="tests.test_time_series_model" name="test_fit_arch[zero-2-TARCH-1-1]" time="0.033" /><testcase classname="tests.test_time_series_model" name="test_fit_arch[zero-2-TARCH-1-2]" time="0.041" /><testcase classname="tests.test_time_series_model" name="test_fit_arch[zero-2-TARCH-2-1]" time="0.044" /><testcase classname="tests.test_time_series_model" name="test_fit_arch[zero-2-TARCH-2-2]" time="0.047" /><testcase classname="tests.test_time_series_model" name="test_fit_arch[zero-2-AGARCH-1-1]" time="0.042" /><testcase classname="tests.test_time_series_model" name="test_fit_arch[zero-2-AGARCH-1-2]" time="0.039" /><testcase classname="tests.test_time_series_model" name="test_fit_arch[zero-2-AGARCH-2-1]" time="0.105" /><testcase classname="tests.test_time_series_model" name="test_fit_arch[zero-2-AGARCH-2-2]" time="0.047" /><testcase classname="tests.test_time_series_model" name="test_fit_arch[zero-order2-GARCH-1-1]" time="0.027" /><testcase classname="tests.test_time_series_model" name="test_fit_arch[zero-order2-GARCH-1-2]" time="0.032" /><testcase classname="tests.test_time_series_model" name="test_fit_arch[zero-order2-GARCH-2-1]" time="0.070" /><testcase classname="tests.test_time_series_model" name="test_fit_arch[zero-order2-GARCH-2-2]" time="0.040" /><testcase classname="tests.test_time_series_model" name="test_fit_arch[zero-order2-EGARCH-1-1]" time="0.017" /><testcase classname="tests.test_time_series_model" name="test_fit_arch[zero-order2-EGARCH-1-2]" time="0.026" /><testcase classname="tests.test_time_series_model" name="test_fit_arch[zero-order2-EGARCH-2-1]" time="0.548" /><testcase classname="tests.test_time_series_model" name="test_fit_arch[zero-order2-EGARCH-2-2]" time="0.026" /><testcase classname="tests.test_time_series_model" name="test_fit_arch[zero-order2-TARCH-1-1]" time="0.034" /><testcase classname="tests.test_time_series_model" name="test_fit_arch[zero-order2-TARCH-1-2]" time="0.042" /><testcase classname="tests.test_time_series_model" name="test_fit_arch[zero-order2-TARCH-2-1]" time="0.045" /><testcase classname="tests.test_time_series_model" name="test_fit_arch[zero-order2-TARCH-2-2]" time="0.046" /><testcase classname="tests.test_time_series_model" name="test_fit_arch[zero-order2-AGARCH-1-1]" time="0.041" /><testcase classname="tests.test_time_series_model" name="test_fit_arch[zero-order2-AGARCH-1-2]" time="0.038" /><testcase classname="tests.test_time_series_model" name="test_fit_arch[zero-order2-AGARCH-2-1]" time="0.103" /><testcase classname="tests.test_time_series_model" name="test_fit_arch[zero-order2-AGARCH-2-2]" time="0.046" /><testcase classname="tests.test_time_series_model" name="test_fit_arch[zero-49-GARCH-1-1]" time="0.027" /><testcase classname="tests.test_time_series_model" name="test_fit_arch[zero-49-GARCH-1-2]" time="0.032" /><testcase classname="tests.test_time_series_model" name="test_fit_arch[zero-49-GARCH-2-1]" time="0.071" /><testcase classname="tests.test_time_series_model" name="test_fit_arch[zero-49-GARCH-2-2]" time="0.040" /><testcase classname="tests.test_time_series_model" name="test_fit_arch[zero-49-EGARCH-1-1]" time="0.017" /><testcase classname="tests.test_time_series_model" name="test_fit_arch[zero-49-EGARCH-1-2]" time="0.026" /><testcase classname="tests.test_time_series_model" name="test_fit_arch[zero-49-EGARCH-2-1]" time="0.547" /><testcase classname="tests.test_time_series_model" name="test_fit_arch[zero-49-EGARCH-2-2]" time="0.026" /><testcase classname="tests.test_time_series_model" name="test_fit_arch[zero-49-TARCH-1-1]" time="0.034" /><testcase classname="tests.test_time_series_model" name="test_fit_arch[zero-49-TARCH-1-2]" time="0.042" /><testcase classname="tests.test_time_series_model" name="test_fit_arch[zero-49-TARCH-2-1]" time="0.046" /><testcase classname="tests.test_time_series_model" name="test_fit_arch[zero-49-TARCH-2-2]" time="0.047" /><testcase classname="tests.test_time_series_model" name="test_fit_arch[zero-49-AGARCH-1-1]" time="0.041" /><testcase classname="tests.test_time_series_model" name="test_fit_arch[zero-49-AGARCH-1-2]" time="0.038" /><testcase classname="tests.test_time_series_model" name="test_fit_arch[zero-49-AGARCH-2-1]" time="0.104" /><testcase classname="tests.test_time_series_model" name="test_fit_arch[zero-49-AGARCH-2-2]" time="0.047" /><testcase classname="tests.test_time_series_model" name="test_fit_arch[AR-1-GARCH-1-1]" time="0.042" /><testcase classname="tests.test_time_series_model" name="test_fit_arch[AR-1-GARCH-1-2]" time="0.049" /><testcase classname="tests.test_time_series_model" name="test_fit_arch[AR-1-GARCH-2-1]" time="0.083" /><testcase classname="tests.test_time_series_model" name="test_fit_arch[AR-1-GARCH-2-2]" time="0.062" /><testcase classname="tests.test_time_series_model" name="test_fit_arch[AR-1-EGARCH-1-1]" time="0.054" /><testcase classname="tests.test_time_series_model" name="test_fit_arch[AR-1-EGARCH-1-2]" time="0.055" /><testcase classname="tests.test_time_series_model" name="test_fit_arch[AR-1-EGARCH-2-1]" time="0.061" /><testcase classname="tests.test_time_series_model" name="test_fit_arch[AR-1-EGARCH-2-2]" time="0.066" /><testcase classname="tests.test_time_series_model" name="test_fit_arch[AR-1-TARCH-1-1]" time="0.066" /><testcase classname="tests.test_time_series_model" name="test_fit_arch[AR-1-TARCH-1-2]" time="0.067" /><testcase classname="tests.test_time_series_model" name="test_fit_arch[AR-1-TARCH-2-1]" time="0.064" /><testcase classname="tests.test_time_series_model" name="test_fit_arch[AR-1-TARCH-2-2]" time="0.076" /><testcase classname="tests.test_time_series_model" name="test_fit_arch[AR-1-AGARCH-1-1]" time="0.069" /><testcase classname="tests.test_time_series_model" name="test_fit_arch[AR-1-AGARCH-1-2]" time="0.055" /><testcase classname="tests.test_time_series_model" name="test_fit_arch[AR-1-AGARCH-2-1]" time="0.116" /><testcase classname="tests.test_time_series_model" name="test_fit_arch[AR-1-AGARCH-2-2]" time="0.068" /><testcase classname="tests.test_time_series_model" name="test_fit_arch[AR-2-GARCH-1-1]" time="0.058" /><testcase classname="tests.test_time_series_model" name="test_fit_arch[AR-2-GARCH-1-2]" time="0.051" /><testcase classname="tests.test_time_series_model" name="test_fit_arch[AR-2-GARCH-2-1]" time="0.081" /><testcase classname="tests.test_time_series_model" name="test_fit_arch[AR-2-GARCH-2-2]" time="0.062" /><testcase classname="tests.test_time_series_model" name="test_fit_arch[AR-2-EGARCH-1-1]" time="0.055" /><testcase classname="tests.test_time_series_model" name="test_fit_arch[AR-2-EGARCH-1-2]" time="0.110" /><testcase classname="tests.test_time_series_model" name="test_fit_arch[AR-2-EGARCH-2-1]" time="0.075" /><testcase classname="tests.test_time_series_model" name="test_fit_arch[AR-2-EGARCH-2-2]" time="0.089" /><testcase classname="tests.test_time_series_model" name="test_fit_arch[AR-2-TARCH-1-1]" time="0.048" /><testcase classname="tests.test_time_series_model" name="test_fit_arch[AR-2-TARCH-1-2]" time="0.057" /><testcase classname="tests.test_time_series_model" name="test_fit_arch[AR-2-TARCH-2-1]" time="0.060" /><testcase classname="tests.test_time_series_model" name="test_fit_arch[AR-2-TARCH-2-2]" time="0.068" /><testcase classname="tests.test_time_series_model" name="test_fit_arch[AR-2-AGARCH-1-1]" time="0.056" /><testcase classname="tests.test_time_series_model" name="test_fit_arch[AR-2-AGARCH-1-2]" time="0.057" /><testcase classname="tests.test_time_series_model" name="test_fit_arch[AR-2-AGARCH-2-1]" time="0.115" /><testcase classname="tests.test_time_series_model" name="test_fit_arch[AR-2-AGARCH-2-2]" time="0.090" /><testcase classname="tests.test_time_series_model" name="test_fit_arch[AR-order2-GARCH-1-1]" time="0.058" /><testcase classname="tests.test_time_series_model" name="test_fit_arch[AR-order2-GARCH-1-2]" time="0.051" /><testcase classname="tests.test_time_series_model" name="test_fit_arch[AR-order2-GARCH-2-1]" time="0.081" /><testcase classname="tests.test_time_series_model" name="test_fit_arch[AR-order2-GARCH-2-2]" time="0.064" /><testcase classname="tests.test_time_series_model" name="test_fit_arch[AR-order2-EGARCH-1-1]" time="0.054" /><testcase classname="tests.test_time_series_model" name="test_fit_arch[AR-order2-EGARCH-1-2]" time="0.110" /><testcase classname="tests.test_time_series_model" name="test_fit_arch[AR-order2-EGARCH-2-1]" time="0.074" /><testcase classname="tests.test_time_series_model" name="test_fit_arch[AR-order2-EGARCH-2-2]" time="0.089" /><testcase classname="tests.test_time_series_model" name="test_fit_arch[AR-order2-TARCH-1-1]" time="0.047" /><testcase classname="tests.test_time_series_model" name="test_fit_arch[AR-order2-TARCH-1-2]" time="0.054" /><testcase classname="tests.test_time_series_model" name="test_fit_arch[AR-order2-TARCH-2-1]" time="0.060" /><testcase classname="tests.test_time_series_model" name="test_fit_arch[AR-order2-TARCH-2-2]" time="0.066" /><testcase classname="tests.test_time_series_model" name="test_fit_arch[AR-order2-AGARCH-1-1]" time="0.055" /><testcase classname="tests.test_time_series_model" name="test_fit_arch[AR-order2-AGARCH-1-2]" time="0.056" /><testcase classname="tests.test_time_series_model" name="test_fit_arch[AR-order2-AGARCH-2-1]" time="0.115" /><testcase classname="tests.test_time_series_model" name="test_fit_arch[AR-order2-AGARCH-2-2]" time="0.090" /><testcase classname="tests.test_time_series_model" name="test_fit_arch[AR-49-GARCH-1-1]" time="0.210" /><testcase classname="tests.test_time_series_model" name="test_fit_arch[AR-49-GARCH-1-2]" time="0.194" /><testcase classname="tests.test_time_series_model" name="test_fit_arch[AR-49-GARCH-2-1]" time="0.337" /><testcase classname="tests.test_time_series_model" name="test_fit_arch[AR-49-GARCH-2-2]" time="0.331" /><testcase classname="tests.test_time_series_model" name="test_fit_arch[AR-49-EGARCH-1-1]" time="0.732" /><testcase classname="tests.test_time_series_model" name="test_fit_arch[AR-49-EGARCH-1-2]" time="1.038" /><testcase classname="tests.test_time_series_model" name="test_fit_arch[AR-49-EGARCH-2-1]" time="0.828" /><testcase classname="tests.test_time_series_model" name="test_fit_arch[AR-49-EGARCH-2-2]" time="0.847" /><testcase classname="tests.test_time_series_model" name="test_fit_arch[AR-49-TARCH-1-1]" time="3.036" /><testcase classname="tests.test_time_series_model" name="test_fit_arch[AR-49-TARCH-1-2]" time="3.293" /><testcase classname="tests.test_time_series_model" name="test_fit_arch[AR-49-TARCH-2-1]" time="3.394" /><testcase classname="tests.test_time_series_model" name="test_fit_arch[AR-49-TARCH-2-2]" time="2.984" /><testcase classname="tests.test_time_series_model" name="test_fit_arch[AR-49-AGARCH-1-1]" time="0.300" /><testcase classname="tests.test_time_series_model" name="test_fit_arch[AR-49-AGARCH-1-2]" time="0.326" /><testcase classname="tests.test_time_series_model" name="test_fit_arch[AR-49-AGARCH-2-1]" time="0.404" /><testcase classname="tests.test_time_series_model" name="test_fit_arch[AR-49-AGARCH-2-2]" time="0.430" /><testcase classname="tests.test_time_series_model" name="test_fit_arch_errors" time="0.007" /><testcase classname="tests.test_time_series_simulator.TestARModel.TestPassingCases" name="test_init_valid" time="1.448" /><testcase classname="tests.test_time_series_simulator.TestARModel.TestPassingCases" name="test_fitted_model_valid" time="1.167" /><testcase classname="tests.test_time_series_simulator.TestARModel.TestPassingCases" name="test_X_fitted_valid" time="1.307" /><testcase classname="tests.test_time_series_simulator.TestARModel.TestPassingCases" name="test_rng_valid" time="0.930" /><testcase classname="tests.test_time_series_simulator.TestARModel.TestPassingCases" name="test_simulate_ar_process_valid" time="5.630" /><testcase classname="tests.test_time_series_simulator.TestARModel.TestPassingCases" name="test_simulate_ar_process_valid_large_input" time="1.794" /><testcase classname="tests.test_time_series_simulator.TestARModel.TestPassingCases" name="test_simulate_ar_same_rng" time="5.450" /><testcase classname="tests.test_time_series_simulator.TestARModel.TestPassingCases" name="test_simulate_ar_different_rng" time="5.618" /><testcase classname="tests.test_time_series_simulator.TestARModel.TestFailingCases" name="test_init_invalid_fitted_model" time="1.084" /><testcase classname="tests.test_time_series_simulator.TestARModel.TestFailingCases" name="test_simulate_ar_process_invalid_resids_lags" time="3.326" /><testcase classname="tests.test_time_series_simulator.TestARModel.TestFailingCases" name="test_init_invalid_X_fitted" time="1.258" /><testcase classname="tests.test_time_series_simulator.TestARIMAModel.TestPassingCases" name="test_init_valid" time="3.223" /><testcase classname="tests.test_time_series_simulator.TestARIMAModel.TestPassingCases" name="test_fitted_model_valid" time="3.473" /><testcase classname="tests.test_time_series_simulator.TestARIMAModel.TestPassingCases" name="test_X_fitted_valid" time="3.312" /><testcase classname="tests.test_time_series_simulator.TestARIMAModel.TestPassing
[...]
E            [0.0, 0.0],
E            [0.0, 0.0],
E            [0.0, 0.0],
E            [0.0, 0.0],
E            [0.0, 0.0],
E            [0.0, 0.0],
E            [0.0, 0.0],
E            [0.0, 0.0],
E            [0.0, 0.0],
E            [0.0, 0.0],
E            [0.0, 0.0],
E            [0.0, 0.0],
E            [0.0, 0.0],
E            [0.0, 0.0],
E            [0.0, 0.0],
E            [0.0, 0.0],
E            [0.0, 0.0],
E            [0.0, 0.0],
E            [0.0, 0.0],
E            [0.0, 0.0],
E            [0.0, 0.0],
E            [0.0, 0.0],
E            [0.0, 0.0],
E            [0.0, 0.0],
E            [0.0, 0.0],
E            [0.0, 0.0],
E            [0.0, 0.0],
E            [0.0, 0.0],
E            [0.0, 0.0],
E            [0.0, 0.0],
E            [0.0, 0.0],
E            [0.0, 0.0],
E            [0.0, 1.1125369292536007e-308]],
E       )

.venv/lib/python3.10/site-packages/numpy/linalg/linalg.py:98: LinAlgError</failure></testcase><testcase classname="tests.test_tsfit.TestTSFit.TestPassingCases" name="test_get_fitted_X_valid_var_arch" time="19.054" /><testcase classname="tests.test_tsfit.TestTSFit.TestFailingCases" name="test_tsfit_fit_invalid_data" time="0.001" /><testcase classname="tests.test_tsfit.TestTSFit.TestFailingCases" name="test_tsfit_predict_without_fit" time="0.001" /><testcase classname="tests.test_tsfit.TestTSFit.TestFailingCases" name="test_tsfit_accessor_methods_without_fit" time="0.001" /><testcase classname="tests.test_tsfit.TestTSFit.TestFailingCases" name="test_tsfit_fit_invalid_order" time="0.001" /><testcase classname="tests.test_tsfit.TestTSFit.TestFailingCases" name="test_tsfit_fit_invalid_model_type" time="0.001" /><testcase classname="tests.test_tsfit.TestTSFit.TestFailingCases" name="test_tsfit_predict_invalid_n_steps" time="0.003" /><testcase classname="tests.test_tsfit.TestTSFit.TestFailingCases" name="test_tsfit_predict_invalid_exog" time="0.005" /><testcase classname="tests.test_tsfit.TestTSFit.TestFailingCases" name="test_tsfit_fit_invalid_exog" time="0.001" /><testcase classname="tests.test_tsfit.TestTSFit.TestFailingCases" name="test_tsfit_fit_invalid_data_type" time="0.001" /><testcase classname="tests.test_tsfit.TestTSFit.TestFailingCases" name="test_tsfit_fit_invalid_data_shape" time="0.001" /><testcase classname="tests.test_tsfit.TestTSFit.TestFailingCases" name="test_tsfit_fit_invalid_data_shape_with_exog" time="0.001" /><testcase classname="tests.test_validate.TestValidateIntegers.TestPassingCases" name="test_single_positive_integer" time="0.139" /><testcase classname="tests.test_validate.TestValidateIntegers.TestPassingCases" name="test_list_of_positive_integers" time="0.315" /><testcase classname="tests.test_validate.TestValidateIntegers.TestPassingCases" name="test_numpy_array_of_positive_integers" time="0.271" /><testcase classname="tests.test_validate.TestValidateIntegers.TestPassingCases" name="test_mixed_valid_positive_inputs" time="0.704" /><testcase classname="tests.test_validate.TestValidateIntegers.TestPassingCases" name="test_maximum_integer" time="0.001" /><testcase classname="tests.test_validate.TestValidateIntegers.TestPassingCases" name="test_minimum_integer" time="0.001" /><testcase classname="tests.test_validate.TestValidateIntegers.TestPassingCases" name="test_single_non_positive_integer" time="0.129" /><testcase classname="tests.test_validate.TestValidateIntegers.TestPassingCases" name="test_list_of_non_positive_integers" time="0.304" /><testcase classname="tests.test_validate.TestValidateIntegers.TestPassingCases" name="test_numpy_array_of_non_positive_integers" time="0.303" /><testcase classname="tests.test_validate.TestValidateIntegers.TestPassingCases" name="test_mixed_valid_inputs" time="0.647" /><testcase classname="tests.test_validate.TestValidateIntegers.TestFailingCases" name="test_single_non_positive_integer" time="0.121" /><testcase classname="tests.test_validate.TestValidateIntegers.TestFailingCases" name="test_list_of_non_positive_integers" time="0.334" /><testcase classname="tests.test_validate.TestValidateIntegers.TestFailingCases" name="test_numpy_array_of_non_positive_integers" time="0.341" /><testcase classname="tests.test_validate.TestValidateIntegers.TestFailingCases" name="test_numpy_2d_array" time="0.412" /><testcase classname="tests.test_validate.TestValidateIntegers.TestFailingCases" name="test_numpy_array_of_floats" time="0.325" /><testcase classname="tests.test_validate.TestValidateIntegers.TestFailingCases" name="test_invalid_input_type" time="0.140" /><testcase classname="tests.test_validate.TestValidateIntegers.TestFailingCases" name="test_list_with_invalid_element_type" time="0.339" /><testcase classname="tests.test_validate.TestValidateIntegers.TestFailingCases" name="test_numpy_array_with_invalid_element_type" time="0.568"><failure message="hypothesis.errors.Flaky: Hypothesis test_numpy_array_with_invalid_element_type(self=&lt;test_validate.TestValidateIntegers.TestFailingCases object at 0x7f63890c9060&gt;, arr=array([-2.00001000e+000,  2.22507386e-313])) produces unreliable results: Falsified on the first call but did not on a subsequent one&#10;Falsifying example: test_numpy_array_with_invalid_element_type(&#10;    self=&lt;test_validate.TestValidateIntegers.TestFailingCases object at 0x7f63890c9060&gt;,&#10;    arr=array([-2.00001, 2.2250738585e-313]),&#10;)&#10;Unreliable test timings! On an initial run, this test took 292.42ms, which exceeded the deadline of 200.00ms, but on a subsequent run it took 0.14 ms, which did not. If you expect this sort of variability in your test timings, consider turning deadlines off for this test by setting deadline=None.">self = &lt;test_validate.TestValidateIntegers.TestFailingCases object at 0x7f63890c9060&gt;, arr = array([-2.00001000e+000,  2.22507386e-313])

    @given(
&gt;       st.lists(
            st.floats(allow_nan=False, allow_infinity=False), min_size=1
        ).map(np.array)
    )

tests/test_validate.py:191:
_ _ _ _ _ _ _ _ _ _ _ _ _ _ _ _ _ _ _ _ _ _ _ _ _ _ _ _ _ _ _ _ _ _ _ _ _ _ _ _ _ _ _ _ _ _ _ _ _ _ _ _ _ _ _ _ _ _ _ _ _ _ _ _ _ _ _ _ _ _ _ _ _ _ _ _ _ _ _ _

args = (&lt;test_validate.TestValidateIntegers.TestFailingCases object at 0x7f63890c9060&gt;, array([-2.00001000e+000,  2.22507386e-313])), kwargs = {}
initial_draws = 1, start = 2968310.780965567, result = None, finish = 2968311.073383189, internal_draw_time = 0
runtime = datetime.timedelta(microseconds=292418), current_deadline = datetime.timedelta(microseconds=250000)

    @proxies(self.test)
    def test(*args, **kwargs):
        self.__test_runtime = None
        initial_draws = len(data.draw_times)
        start = time.perf_counter()
        result = self.test(*args, **kwargs)
        finish = time.perf_counter()
        internal_draw_time = sum(data.draw_times[initial_draws:])
        runtime = datetime.timedelta(
            seconds=finish - start - internal_draw_time
        )
        self.__test_runtime = runtime
        current_deadline = self.settings.deadline
        if not is_final:
            current_deadline = (current_deadline // 4) * 5
        if runtime &gt;= current_deadline:
&gt;           raise DeadlineExceeded(runtime, self.settings.deadline)
E           hypothesis.errors.DeadlineExceeded: Test took 292.42ms, which exceeds the deadline of 200.00ms

../ts_bs/.venv/lib/python3.10/site-packages/hypothesis/core.py:738: DeadlineExceeded

The above exception was the direct cause of the following exception:

self = &lt;test_validate.TestValidateIntegers.TestFailingCases object at 0x7f63890c9060&gt;

    @given(
&gt;       st.lists(
            st.floats(allow_nan=False, allow_infinity=False), min_size=1
        ).map(np.array)
    )

tests/test_validate.py:191:
_ _ _ _ _ _ _ _ _ _ _ _ _ _ _ _ _ _ _ _ _ _ _ _ _ _ _ _ _ _ _ _ _ _ _ _ _ _ _ _ _ _ _ _ _ _ _ _ _ _ _ _ _ _ _ _ _ _ _ _ _ _ _ _ _ _ _ _ _ _ _ _ _ _ _ _ _ _ _ _
../ts_bs/.venv/lib/python3.10/site-packages/hypothesis/core.py:1044: in _raise_to_user
    raise the_error_hypothesis_found
_ _ _ _ _ _ _ _ _ _ _ _ _ _ _ _ _ _ _ _ _ _ _ _ _ _ _ _ _ _ _ _ _ _ _ _ _ _ _ _ _ _ _ _ _ _ _ _ _ _ _ _ _ _ _ _ _ _ _ _ _ _ _ _ _ _ _ _ _ _ _ _ _ _ _ _ _ _ _ _

self = &lt;hypothesis.core.StateForActualGivenExecution object at 0x7f637ac14220&gt;, data = ConjectureData(VALID, 31 bytes, frozen)

    def execute_once(
        self,
        data,
        *,
        print_example=False,
        is_final=False,
        expected_failure=None,
        example_kwargs=None,
    ):
        """Run the test function once, using ``data`` as input.

        If the test raises an exception, it will propagate through to the
        caller of this method. Depending on its type, this could represent
        an ordinary test failure, or a fatal error, or a control exception.

        If this method returns normally, the test might have passed, or
        it might have placed ``data`` in an unsuccessful state and then
        swallowed the corresponding control exception.
        """

        self.ever_executed = True
        data.is_find = self.is_find

        text_repr = None
        if self.settings.deadline is None:
            test = self.test
        else:

            @proxies(self.test)
            def test(*args, **kwargs):
                self.__test_runtime = None
                initial_draws = len(data.draw_times)
                start = time.perf_counter()
                result = self.test(*args, **kwargs)
                finish = time.perf_counter()
                internal_draw_time = sum(data.draw_times[initial_draws:])
                runtime = datetime.timedelta(
                    seconds=finish - start - internal_draw_time
                )
                self.__test_runtime = runtime
                current_deadline = self.settings.deadline
                if not is_final:
                    current_deadline = (current_deadline // 4) * 5
                if runtime &gt;= current_deadline:
                    raise DeadlineExceeded(runtime, self.settings.deadline)
                return result

        def run(data):
            # Set up dynamic context needed by a single test run.
            with local_settings(self.settings):
                with deterministic_PRNG():
                    with BuildContext(data, is_final=is_final) as context:
                        if self.stuff.selfy is not None:
                            data.hypothesis_runner = self.stuff.selfy
                        # Generate all arguments to the test function.
                        args = self.stuff.args
                        kwargs = dict(self.stuff.kwargs)
                        if example_kwargs is None:
                            a, kw, argslices = context.prep_args_kwargs_from_strategies(
                                (), self.stuff.given_kwargs
                            )
                            assert not a, "strategies all moved to kwargs by now"
                        else:
                            kw = example_kwargs
                            argslices = {}
                        kwargs.update(kw)
                        if expected_failure is not None:
                            nonlocal text_repr
                            text_repr = repr_call(test, args, kwargs)

                        if print_example or current_verbosity() &gt;= Verbosity.verbose:
                            printer = RepresentationPrinter(context=context)
                            if print_example:
                                printer.text("Falsifying example:")
                            else:
                                printer.text("Trying example:")

                            if self.print_given_args:
                                printer.text(" ")
                                printer.repr_call(
                                    test.__name__,
                                    args,
                                    kwargs,
                                    force_split=True,
                                    arg_slices=argslices,
                                    leading_comment=(
                                        "# " + context.data.slice_comments[(0, 0)]
                                        if (0, 0) in context.data.slice_comments
                                        else None
                                    ),
                                )
                            report(printer.getvalue())
                        return test(*args, **kwargs)

        # Run the test function once, via the executor hook.
        # In most cases this will delegate straight to `run(data)`.
        result = self.test_runner(data, run)

        # If a failure was expected, it should have been raised already, so
        # instead raise an appropriate diagnostic error.
        if expected_failure is not None:
            exception, traceback = expected_failure
            if (
                isinstance(exception, DeadlineExceeded)
                and self.__test_runtime is not None
            ):
                report(
                    "Unreliable test timings! On an initial run, this "
                    "test took %.2fms, which exceeded the deadline of "
                    "%.2fms, but on a subsequent run it took %.2f ms, "
                    "which did not. If you expect this sort of "
                    "variability in your test timings, consider turning "
                    "deadlines off for this test by setting deadline=None."
                    % (
                        exception.runtime.total_seconds() * 1000,
                        self.settings.deadline.total_seconds() * 1000,
                        self.__test_runtime.total_seconds() * 1000,
                    )
                )
            else:
                report("Failed to reproduce exception. Expected: \n" + traceback)
&gt;           raise Flaky(
                f"Hypothesis {text_repr} produces unreliable results: "
                "Falsified on the first call but did not on a subsequent one"
            ) from exception
E           hypothesis.errors.Flaky: Hypothesis test_numpy_array_with_invalid_element_type(self=&lt;test_validate.TestValidateIntegers.TestFailingCases object at 0x7f63890c9060&gt;, arr=array([-2.00001000e+000,  2.22507386e-313])) produces unreliable results: Falsified on the first call but did not on a subsequent one
E           Falsifying example: test_numpy_array_with_invalid_element_type(
E               self=&lt;test_validate.TestValidateIntegers.TestFailingCases object at 0x7f63890c9060&gt;,
E               arr=array([-2.00001, 2.2250738585e-313]),
E           )
E           Unreliable test timings! On an initial run, this test took 292.42ms, which exceeded the deadline of 200.00ms, but on a subsequent run it took 0.14 ms, which did not. If you expect this sort of variability in your test timings, consider turning deadlines off for this test by setting deadline=None.

../ts_bs/.venv/lib/python3.10/site-packages/hypothesis/core.py:815: Flaky</failure></testcase><testcase classname="tests.test_validate.TestValidateXAndExog.TestPassingCases" name="test_1d_X_no_exog" time="0.377" /><testcase classname="tests.test_validate.TestValidateXAndExog.TestPassingCases" name="test_1d_X_1d_exog" time="0.368" /><testcase classname="tests.test_validate.TestValidateXAndExog.TestPassingCases" name="test_1d_X_2d_exog" time="0.409" /><testcase classname="tests.test_validate.TestValidateXAndExog.TestPassingCases" name="test_2d_X_no_exog_var_model" time="1.450" /><testcase classname="tests.test_validate.TestValidateXAndExog.TestPassingCases" name="test_2d_X_1d_exog_var_model" time="1.492" /><testcase classname="tests.test_validate.TestValidateXAndExog.TestPassingCases" name="test_2d_X_2d_exog_var_model" time="1.247" /><testcase classname="tests.test_validate.TestValidateXAndExog.TestPassingCases" name="test_1d_X_no_exog_arch_model" time="0.376" /><testcase classname="tests.test_validate.TestValidateXAndExog.TestPassingCases" name="test_1d_X_1d_exog_arch_model" time="0.381" /><testcase classname="tests.test_validate.TestValidateXAndExog.TestPassingCases" name="test_1d_X_2d_exog_arch_model" time="0.381" /><testcase classname="tests.test_validate.TestValidateXAndExog.TestFailingCases" name="test_error_X_not_1d" time="1.383" /><testcase classname="tests.test_validate.TestValidateXAndExog.TestFailingCases" name="test_error_X_not_2d_or_less_than_2_columns" time="0.386" /><testcase classname="tests.test_validate.TestValidateXAndExog.TestFailingCases" name="test_error_X_2d_with_only_1_column" time="1.268" /><testcase classname="tests.test_validate.TestValidateBlockIndices.TestPassingCases" name="test_valid_block_indices" time="0.963" /><testcase classname="tests.test_validate.TestValidateBlockIndices.TestFailingCases" name="test_invalid_block_indices" time="0.364" /><testcase classname="tests.test_validate.TestValidateBlockIndices.TestFailingCases" name="test_empty_block_indices" time="0.066" /><testcase classname="tests.test_validate.TestValidateBlockIndices.TestFailingCases" name="test_indices_beyond_input_length" time="0.897" /><testcase classname="tests.test_validate.TestValidateBlockIndices.TestFailingCases" name="test_2d_or_higher_ndarray" time="0.926" /><testcase classname="tests.test_validate.TestValidateBlockIndices.TestFailingCases" name="test_noninteger_ndarray" time="0.988" /><testcase classname="tests.test_validate.TestValidateBlockIndices.TestFailingCases" name="test_empty_ndarray" time="0.870" /><testcase classname="tests.test_validate.TestValidateBlocks.TestPassingCases" name="test_valid_blocks" time="4.933" /><testcase classname="tests.test_validate.TestValidateBlocks.TestFailingCases" name="test_nonlist_input" time="0.085" /><testcase classname="tests.test_validate.TestValidateBlocks.TestFailingCases" name="test_empty_blocks" time="0.001" /><testcase classname="tests.test_validate.TestValidateBlocks.TestFailingCases" name="test_nonndarray_blocks" time="0.488" /><testcase classname="tests.test_validate.TestValidateBlocks.TestFailingCases" name="test_non2d_ndarray_blocks" time="1.562" /><testcase classname="tests.test_validate.TestValidateBlocks.TestFailingCases" name="test_no_timestamp_blocks" time="0.556" /><testcase classname="tests.test_validate.TestValidateBlocks.TestFailingCases" name="test_no_feature_blocks" time="1.182" /><testcase classname="tests.test_validate.TestValidateBlocks.TestFailingCases" name="test_diff_feature_blocks" time="0.780" /><testcase classname="tests.test_validate.TestValidateBlocks.TestFailingCases" name="test_nan_blocks" time="0.001" /><testcase classname="tests.test_validate.TestValidateBlocks.TestFailingCases" name="test_infinite_blocks" time="0.001" /><testcase classname="tests.test_validate.TestValidateWeights.TestPassingCases" name="test_valid_weights" time="0.361" /><testcase classname="tests.test_validate.TestValidateWeights.TestPassingCases" name="test_small_weights" time="0.429" /><testcase classname="tests.test_validate.TestValidateWeights.TestPassingCases" name="test_large_weights" time="0.406" /><testcase classname="tests.test_validate.TestValidateWeights.TestFailingCases" name="test_non_finite_weights" time="0.001" /><testcase classname="tests.test_validate.TestValidateWeights.TestFailingCases" name="test_negative_weights" time="0.314" /><testcase classname="tests.test_validate.TestValidateWeights.TestFailingCases" name="test_negative_small_weights" time="0.358" /><testcase classname="tests.test_validate.TestValidateWeights.TestFailingCases" name="test_complex_weights" time="0.498" /><testcase classname="tests.test_validate.TestValidateWeights.TestFailingCases" name="test_zero_weights" time="0.003" /><testcase classname="tests.test_validate.TestValidateWeights.TestFailingCases" name="test_one_dim_zero_weights" time="0.003" /><testcase classname="tests.test_validate.TestValidateWeights.TestFailingCases" name="test_multi_dimensional_weights" time="0.502" /></testsuite></testsuites>
