GNU Make 4.3
Built for x86_64-pc-linux-gnu
Copyright (C) 1988-2020 Free Software Foundation, Inc.
License GPLv3+: GNU GPL version 3 or later <http://gnu.org/licenses/gpl.html>
This is free software: you are free to change and redistribute it.
There is NO WARRANTY, to the extent permitted by law.
Reading makefiles...
Updating makefiles....
Updating goal targets....
 File 'html' does not exist.
Must remake target 'html'.
Running Sphinx v7.4.7
loading translations [en]... locale_dir /home/sgilda/Documents/tsbootstrap/docs/source/locales/en/LC_MESSAGES does not exist
locale_dir /home/sgilda/Documents/tsbootstrap/docs/source/locales/en/LC_MESSAGES does not exist
done
making output directory... done
locale_dir /home/sgilda/Documents/tsbootstrap/docs/source/locales/en/LC_MESSAGES does not exist
loading intersphinx inventory 'sklearn' from https://scikit-learn.org/stable/objects.inv...
loading intersphinx inventory 'numpy' from https://numpy.org/doc/stable/objects.inv...
loading intersphinx inventory 'pandas' from https://pandas.pydata.org/docs/objects.inv...
loading intersphinx inventory 'statsmodels' from https://www.statsmodels.org/stable/objects.inv...
loading intersphinx inventory 'arch' from https://arch.readthedocs.io/en/latest/objects.inv...
locale_dir /home/sgilda/Documents/tsbootstrap/docs/source/locales/en/LC_MESSAGES does not exist
building [mo]: targets for 0 po files that are out of date
writing output... 
building [html]: targets for 15 source files that are out of date
updating environment: locale_dir /home/sgilda/Documents/tsbootstrap/docs/source/locales/en/LC_MESSAGES does not exist
[new config] 15 added, 0 changed, 0 removed
reading sources... [  7%] base_bootstrap
reading sources... [ 13%] block_bootstrap
reading sources... [ 20%] block_generator
reading sources... [ 27%] block_length_sampler
Didn't find BlockLengthSampler.avg_block_length in tsbootstrap.block_length_sampler
Didn't find BlockLengthSampler.block_length_distribution in tsbootstrap.block_length_sampler
Didn't find BlockLengthSampler.rng in tsbootstrap.block_length_sampler
reading sources... [ 33%] block_resampler
reading sources... [ 40%] bootstrap
reading sources... [ 47%] index
reading sources... [ 53%] markov_sampler
Didn't find MarkovSampler.transition_matrix_calculator in tsbootstrap.markov_sampler
Didn't find MarkovSampler.block_compressor in tsbootstrap.markov_sampler
Didn't find MarkovSampler._validate_n_states in tsbootstrap.markov_sampler
Didn't find MarkovSampler._validate_n_iter_hmm in tsbootstrap.markov_sampler
Didn't find MarkovSampler._validate_n_fits_hmm in tsbootstrap.markov_sampler
Didn't find MarkovSampler._validate_blocks_as_hidden_states_flag in tsbootstrap.markov_sampler
Didn't find MarkovSampler._validate_random_seed in tsbootstrap.markov_sampler
reading sources... [ 60%] odds_and_ends
reading sources... [ 67%] ranklags
reading sources... [ 73%] time_series_model
reading sources... [ 80%] time_series_simulator
Didn't find TimeSeriesSimulator.n_samples in tsbootstrap.time_series_simulator
Didn't find TimeSeriesSimulator.n_features in tsbootstrap.time_series_simulator
Didn't find TimeSeriesSimulator.burnin in tsbootstrap.time_series_simulator
reading sources... [ 87%] tsfit
Didn't find TSFit.model in tsbootstrap.tsfit
Didn't find TSFit.rescale_factors in tsbootstrap.tsfit
Didn't find TSFit.model_params in tsbootstrap.tsfit
reading sources... [ 93%] types
reading sources... [100%] validate


Traceback (most recent call last):
  File "/home/sgilda/Documents/tsbootstrap/.venv/lib/python3.12/site-packages/sphinx/cmd/build.py", line 337, in build_main
    app.build(args.force_all, args.filenames)
  File "/home/sgilda/Documents/tsbootstrap/.venv/lib/python3.12/site-packages/sphinx/application.py", line 378, in build
    self.builder.build_update()
  File "/home/sgilda/Documents/tsbootstrap/.venv/lib/python3.12/site-packages/sphinx/builders/__init__.py", line 297, in build_update
    self.build(to_build,
  File "/home/sgilda/Documents/tsbootstrap/.venv/lib/python3.12/site-packages/sphinx/builders/__init__.py", line 317, in build
    with logging.pending_warnings():
  File "/usr/lib/python3.12/contextlib.py", line 144, in __exit__
    next(self.gen)
  File "/home/sgilda/Documents/tsbootstrap/.venv/lib/python3.12/site-packages/sphinx/util/logging.py", line 273, in pending_warnings
    memhandler.flushTo(logger)
  File "/home/sgilda/Documents/tsbootstrap/.venv/lib/python3.12/site-packages/sphinx/util/logging.py", line 238, in flushTo
    logger.handle(record)
  File "/usr/lib/python3.12/logging/__init__.py", line 1700, in handle
    self.callHandlers(record)
  File "/usr/lib/python3.12/logging/__init__.py", line 1762, in callHandlers
    hdlr.handle(record)
  File "/usr/lib/python3.12/logging/__init__.py", line 1022, in handle
    rv = self.filter(record)
         ^^^^^^^^^^^^^^^^^^^
  File "/usr/lib/python3.12/logging/__init__.py", line 858, in filter
    result = f.filter(record)
             ^^^^^^^^^^^^^^^^
  File "/home/sgilda/Documents/tsbootstrap/.venv/lib/python3.12/site-packages/sphinx/util/logging.py", line 473, in filter
    raise exc
sphinx.errors.SphinxWarning: autodoc: failed to import module 'block_bootstrap' from module 'tsbootstrap'; the following exception was raised:
Traceback (most recent call last):
  File "/home/sgilda/Documents/tsbootstrap/.venv/lib/python3.12/site-packages/sphinx/ext/autodoc/importer.py", line 143, in import_module
    return importlib.import_module(modname)
           ^^^^^^^^^^^^^^^^^^^^^^^^^^^^^^^^
  File "/usr/lib/python3.12/importlib/__init__.py", line 90, in import_module
    return _bootstrap._gcd_import(name[level:], package, level)
           ^^^^^^^^^^^^^^^^^^^^^^^^^^^^^^^^^^^^^^^^^^^^^^^^^^^^
  File "<frozen importlib._bootstrap>", line 1387, in _gcd_import
  File "<frozen importlib._bootstrap>", line 1360, in _find_and_load
  File "<frozen importlib._bootstrap>", line 1331, in _find_and_load_unlocked
  File "<frozen importlib._bootstrap>", line 935, in _load_unlocked
  File "<frozen importlib._bootstrap_external>", line 995, in exec_module
  File "<frozen importlib._bootstrap>", line 488, in _call_with_frames_removed
  File "/home/sgilda/Documents/tsbootstrap/src/tsbootstrap/block_bootstrap.py", line 70, in <module>
    class BlockBootstrap(BlockBasedBootstrap):
  File "/home/sgilda/Documents/tsbootstrap/.venv/lib/python3.12/site-packages/pydantic/_internal/_model_construction.py", line 237, in __new__
    complete_model_class(
  File "/home/sgilda/Documents/tsbootstrap/.venv/lib/python3.12/site-packages/pydantic/_internal/_model_construction.py", line 597, in complete_model_class
    schema = gen_schema.generate_schema(cls)
             ^^^^^^^^^^^^^^^^^^^^^^^^^^^^^^^
  File "/home/sgilda/Documents/tsbootstrap/.venv/lib/python3.12/site-packages/pydantic/_internal/_generate_schema.py", line 711, in generate_schema
    schema = self._generate_schema_inner(obj)
             ^^^^^^^^^^^^^^^^^^^^^^^^^^^^^^^^
  File "/home/sgilda/Documents/tsbootstrap/.venv/lib/python3.12/site-packages/pydantic/_internal/_generate_schema.py", line 1004, in _generate_schema_inner
    return self._model_schema(obj)
           ^^^^^^^^^^^^^^^^^^^^^^^
  File "/home/sgilda/Documents/tsbootstrap/.venv/lib/python3.12/site-packages/pydantic/_internal/_generate_schema.py", line 797, in _model_schema
    extras_annotation = _typing_extra.eval_type_backport(
                        ^^^^^^^^^^^^^^^^^^^^^^^^^^^^^^^^^
  File "/home/sgilda/Documents/tsbootstrap/.venv/lib/python3.12/site-packages/pydantic/_internal/_typing_extra.py", line 429, in eval_type_backport
    return _eval_type_backport(value, globalns, localns, type_params)
           ^^^^^^^^^^^^^^^^^^^^^^^^^^^^^^^^^^^^^^^^^^^^^^^^^^^^^^^^^^
  File "/home/sgilda/Documents/tsbootstrap/.venv/lib/python3.12/site-packages/pydantic/_internal/_typing_extra.py", line 466, in _eval_type_backport
    return _eval_type(value, globalns, localns, type_params)
           ^^^^^^^^^^^^^^^^^^^^^^^^^^^^^^^^^^^^^^^^^^^^^^^^^
  File "/home/sgilda/Documents/tsbootstrap/.venv/lib/python3.12/site-packages/pydantic/_internal/_typing_extra.py", line 500, in _eval_type
    return typing._eval_type(  # type: ignore
           ^^^^^^^^^^^^^^^^^^^^^^^^^^^^^^^^^^
  File "/usr/lib/python3.12/typing.py", line 414, in _eval_type
    return t._evaluate(globalns, localns, recursive_guard)
           ^^^^^^^^^^^^^^^^^^^^^^^^^^^^^^^^^^^^^^^^^^^^^^^
  File "/usr/lib/python3.12/typing.py", line 924, in _evaluate
    eval(self.__forward_code__, globalns, localns),
    ^^^^^^^^^^^^^^^^^^^^^^^^^^^^^^^^^^^^^^^^^^^^^^
  File "<string>", line 1, in <module>
NameError: name 'Any' is not defined. Did you mean: 'any'?


Warning, treated as error:
autodoc: failed to import module 'block_bootstrap' from module 'tsbootstrap'; the following exception was raised:
Traceback (most recent call last):
  File "/home/sgilda/Documents/tsbootstrap/.venv/lib/python3.12/site-packages/sphinx/ext/autodoc/importer.py", line 143, in import_module
    return importlib.import_module(modname)
           ^^^^^^^^^^^^^^^^^^^^^^^^^^^^^^^^
  File "/usr/lib/python3.12/importlib/__init__.py", line 90, in import_module
    return _bootstrap._gcd_import(name[level:], package, level)
           ^^^^^^^^^^^^^^^^^^^^^^^^^^^^^^^^^^^^^^^^^^^^^^^^^^^^
  File "<frozen importlib._bootstrap>", line 1387, in _gcd_import
  File "<frozen importlib._bootstrap>", line 1360, in _find_and_load
  File "<frozen importlib._bootstrap>", line 1331, in _find_and_load_unlocked
  File "<frozen importlib._bootstrap>", line 935, in _load_unlocked
  File "<frozen importlib._bootstrap_external>", line 995, in exec_module
  File "<frozen importlib._bootstrap>", line 488, in _call_with_frames_removed
  File "/home/sgilda/Documents/tsbootstrap/src/tsbootstrap/block_bootstrap.py", line 70, in <module>
    class BlockBootstrap(BlockBasedBootstrap):
  File "/home/sgilda/Documents/tsbootstrap/.venv/lib/python3.12/site-packages/pydantic/_internal/_model_construction.py", line 237, in __new__
    complete_model_class(
  File "/home/sgilda/Documents/tsbootstrap/.venv/lib/python3.12/site-packages/pydantic/_internal/_model_construction.py", line 597, in complete_model_class
    schema = gen_schema.generate_schema(cls)
             ^^^^^^^^^^^^^^^^^^^^^^^^^^^^^^^
  File "/home/sgilda/Documents/tsbootstrap/.venv/lib/python3.12/site-packages/pydantic/_internal/_generate_schema.py", line 711, in generate_schema
    schema = self._generate_schema_inner(obj)
             ^^^^^^^^^^^^^^^^^^^^^^^^^^^^^^^^
  File "/home/sgilda/Documents/tsbootstrap/.venv/lib/python3.12/site-packages/pydantic/_internal/_generate_schema.py", line 1004, in _generate_schema_inner
    return self._model_schema(obj)
           ^^^^^^^^^^^^^^^^^^^^^^^
  File "/home/sgilda/Documents/tsbootstrap/.venv/lib/python3.12/site-packages/pydantic/_internal/_generate_schema.py", line 797, in _model_schema
    extras_annotation = _typing_extra.eval_type_backport(
                        ^^^^^^^^^^^^^^^^^^^^^^^^^^^^^^^^^
  File "/home/sgilda/Documents/tsbootstrap/.venv/lib/python3.12/site-packages/pydantic/_internal/_typing_extra.py", line 429, in eval_type_backport
    return _eval_type_backport(value, globalns, localns, type_params)
           ^^^^^^^^^^^^^^^^^^^^^^^^^^^^^^^^^^^^^^^^^^^^^^^^^^^^^^^^^^
  File "/home/sgilda/Documents/tsbootstrap/.venv/lib/python3.12/site-packages/pydantic/_internal/_typing_extra.py", line 466, in _eval_type_backport
    return _eval_type(value, globalns, localns, type_params)
           ^^^^^^^^^^^^^^^^^^^^^^^^^^^^^^^^^^^^^^^^^^^^^^^^^
  File "/home/sgilda/Documents/tsbootstrap/.venv/lib/python3.12/site-packages/pydantic/_internal/_typing_extra.py", line 500, in _eval_type
    return typing._eval_type(  # type: ignore
           ^^^^^^^^^^^^^^^^^^^^^^^^^^^^^^^^^^
  File "/usr/lib/python3.12/typing.py", line 414, in _eval_type
    return t._evaluate(globalns, localns, recursive_guard)
           ^^^^^^^^^^^^^^^^^^^^^^^^^^^^^^^^^^^^^^^^^^^^^^^
  File "/usr/lib/python3.12/typing.py", line 924, in _evaluate
    eval(self.__forward_code__, globalns, localns),
    ^^^^^^^^^^^^^^^^^^^^^^^^^^^^^^^^^^^^^^^^^^^^^^
  File "<string>", line 1, in <module>
NameError: name 'Any' is not defined. Did you mean: 'any'?

make: *** [Makefile:20: html] Error 2
